{"C:\\backend\\my-brand-backend\\src\\models\\messages.js":{"path":"C:\\backend\\my-brand-backend\\src\\models\\messages.js","statementMap":{"0":{"start":{"line":3,"column":0},"end":{"line":5,"column":3}},"1":{"start":{"line":6,"column":0},"end":{"line":6,"column":25}},"2":{"start":{"line":7,"column":16},"end":{"line":7,"column":59}},"3":{"start":{"line":8,"column":39},"end":{"line":8,"column":93}},"4":{"start":{"line":9,"column":15},"end":{"line":22,"column":2}},"5":{"start":{"line":23,"column":16},"end":{"line":23,"column":59}},"6":{"start":{"line":24,"column":15},"end":{"line":24,"column":22}},"7":{"start":{"line":25,"column":0},"end":{"line":25,"column":27}}},"fnMap":{"0":{"name":"_interopRequireDefault","decl":{"start":{"line":8,"column":9},"end":{"line":8,"column":31}},"loc":{"start":{"line":8,"column":37},"end":{"line":8,"column":95}},"line":8}},"branchMap":{"0":{"loc":{"start":{"line":8,"column":46},"end":{"line":8,"column":92}},"type":"cond-expr","locations":[{"start":{"line":8,"column":70},"end":{"line":8,"column":73}},{"start":{"line":8,"column":76},"end":{"line":8,"column":92}}],"line":8},"1":{"loc":{"start":{"line":8,"column":46},"end":{"line":8,"column":67}},"type":"binary-expr","locations":[{"start":{"line":8,"column":46},"end":{"line":8,"column":49}},{"start":{"line":8,"column":53},"end":{"line":8,"column":67}}],"line":8}},"s":{"0":1,"1":1,"2":1,"3":1,"4":1,"5":1,"6":1,"7":1},"f":{"0":1},"b":{"0":[0,1],"1":[1,1]},"inputSourceMap":{"version":3,"names":["schema","mongoose","Schema","firstName","type","String","secondName","email","messages","message","model"],"sourceRoot":"C:\\backend\\my-brand-backend\\src\\models\\","sources":["messages.js"],"sourcesContent":["import mongoose from 'mongoose';\n\nconst schema = mongoose.Schema({\n  firstName: { type: String },\n  secondName: { type: String },\n  email: { type: String },\n  messages: { type: String },\n});\nconst message = mongoose.model('messages', schema);\nexport default message;\n"],"mappings":";;;;;;AAAA;AAAgC;AAEhC,MAAMA,MAAM,GAAGC,iBAAQ,CAACC,MAAM,CAAC;EAC7BC,SAAS,EAAE;IAAEC,IAAI,EAAEC;EAAO,CAAC;EAC3BC,UAAU,EAAE;IAAEF,IAAI,EAAEC;EAAO,CAAC;EAC5BE,KAAK,EAAE;IAAEH,IAAI,EAAEC;EAAO,CAAC;EACvBG,QAAQ,EAAE;IAAEJ,IAAI,EAAEC;EAAO;AAC3B,CAAC,CAAC;AACF,MAAMI,OAAO,GAAGR,iBAAQ,CAACS,KAAK,CAAC,UAAU,EAAEV,MAAM,CAAC;AAAC,eACpCS,OAAO;AAAA"},"_coverageSchema":"1a1c01bbd47fc00a2c39e90264f33305004495a9","hash":"19ac860d3193c6135051d3001d22e191e66563e6","contentHash":"874c8ea75c523b38c03854165f42f0f136a8f297c810d36ed361e4fe3930c2fd"},"C:\\backend\\my-brand-backend\\src\\server.js":{"path":"C:\\backend\\my-brand-backend\\src\\server.js","statementMap":{"0":{"start":{"line":3,"column":0},"end":{"line":5,"column":3}},"1":{"start":{"line":6,"column":0},"end":{"line":6,"column":25}},"2":{"start":{"line":7,"column":15},"end":{"line":7,"column":57}},"3":{"start":{"line":8,"column":14},"end":{"line":8,"column":55}},"4":{"start":{"line":9,"column":20},"end":{"line":9,"column":68}},"5":{"start":{"line":10,"column":24},"end":{"line":10,"column":77}},"6":{"start":{"line":11,"column":18},"end":{"line":11,"column":72}},"7":{"start":{"line":12,"column":20},"end":{"line":12,"column":76}},"8":{"start":{"line":13,"column":21},"end":{"line":13,"column":78}},"9":{"start":{"line":14,"column":24},"end":{"line":14,"column":89}},"10":{"start":{"line":15,"column":25},"end":{"line":15,"column":91}},"11":{"start":{"line":16,"column":18},"end":{"line":16,"column":76}},"12":{"start":{"line":17,"column":15},"end":{"line":17,"column":53}},"13":{"start":{"line":18,"column":39},"end":{"line":18,"column":93}},"14":{"start":{"line":22,"column":0},"end":{"line":22,"column":25}},"15":{"start":{"line":23,"column":12},"end":{"line":23,"column":35}},"16":{"start":{"line":24,"column":0},"end":{"line":24,"column":33}},"17":{"start":{"line":27,"column":0},"end":{"line":27,"column":36}},"18":{"start":{"line":28,"column":0},"end":{"line":28,"column":38}},"19":{"start":{"line":29,"column":0},"end":{"line":29,"column":44}},"20":{"start":{"line":30,"column":0},"end":{"line":30,"column":44}},"21":{"start":{"line":31,"column":0},"end":{"line":31,"column":51}},"22":{"start":{"line":32,"column":0},"end":{"line":32,"column":53}},"23":{"start":{"line":33,"column":0},"end":{"line":37,"column":3}},"24":{"start":{"line":34,"column":2},"end":{"line":36,"column":5}},"25":{"start":{"line":38,"column":0},"end":{"line":42,"column":3}},"26":{"start":{"line":39,"column":2},"end":{"line":41,"column":5}},"27":{"start":{"line":45,"column":4},"end":{"line":45,"column":15}},"28":{"start":{"line":46,"column":0},"end":{"line":48,"column":3}},"29":{"start":{"line":47,"column":2},"end":{"line":47,"column":54}},"30":{"start":{"line":49,"column":15},"end":{"line":49,"column":18}},"31":{"start":{"line":50,"column":0},"end":{"line":50,"column":27}}},"fnMap":{"0":{"name":"_interopRequireDefault","decl":{"start":{"line":18,"column":9},"end":{"line":18,"column":31}},"loc":{"start":{"line":18,"column":37},"end":{"line":18,"column":95}},"line":18},"1":{"name":"(anonymous_1)","decl":{"start":{"line":33,"column":13},"end":{"line":33,"column":14}},"loc":{"start":{"line":33,"column":27},"end":{"line":37,"column":1}},"line":33},"2":{"name":"(anonymous_2)","decl":{"start":{"line":38,"column":8},"end":{"line":38,"column":9}},"loc":{"start":{"line":38,"column":22},"end":{"line":42,"column":1}},"line":38},"3":{"name":"(anonymous_3)","decl":{"start":{"line":46,"column":17},"end":{"line":46,"column":18}},"loc":{"start":{"line":46,"column":23},"end":{"line":48,"column":1}},"line":46}},"branchMap":{"0":{"loc":{"start":{"line":18,"column":46},"end":{"line":18,"column":92}},"type":"cond-expr","locations":[{"start":{"line":18,"column":70},"end":{"line":18,"column":73}},{"start":{"line":18,"column":76},"end":{"line":18,"column":92}}],"line":18},"1":{"loc":{"start":{"line":18,"column":46},"end":{"line":18,"column":67}},"type":"binary-expr","locations":[{"start":{"line":18,"column":46},"end":{"line":18,"column":49}},{"start":{"line":18,"column":53},"end":{"line":18,"column":67}}],"line":18}},"s":{"0":1,"1":1,"2":1,"3":1,"4":1,"5":1,"6":1,"7":1,"8":1,"9":1,"10":1,"11":1,"12":1,"13":10,"14":1,"15":1,"16":1,"17":1,"18":1,"19":1,"20":1,"21":1,"22":1,"23":1,"24":0,"25":1,"26":0,"27":1,"28":1,"29":1,"30":1,"31":1},"f":{"0":10,"1":0,"2":0,"3":1},"b":{"0":[4,6],"1":[10,10]},"inputSourceMap":{"version":3,"names":["dotenv","config","app","express","use","json","docrouter","blogRouter","messageCRouter","signupRouter","signupControllers","login","logout","req","res","message","status","PORT","process","env","listen","console","log"],"sourceRoot":"C:\\backend\\my-brand-backend\\src\\","sources":["server.js"],"sourcesContent":["import express from 'express';\nimport dotenv from 'dotenv';\nimport swaggerJSDoc from 'swagger-jsdoc';\nimport swaggerUI from 'swagger-ui-express';\nimport blogRouter from './routes/blogRoutes';\nimport signupRouter from './routes/signupRoutes';\nimport messageCRouter from './routes/messageRoutes';\nimport signupControllers from './controllers/signupController';\nimport commentRouter from './controllers/commentController';\nimport connection from './connection/connection';\n// import options from './documentation/register';\nimport { docrouter } from './documentation/swagger.doc';\n// import swaggerDocumentation from '../helper/documentation.js';\ndotenv.config();\nconst app = express();\napp.use(express.json());\n\n// ================== ENDPOINTs ===================//\napp.use('/doc', docrouter);\napp.use('/blog', blogRouter);\napp.use('/message', messageCRouter);\napp.use('/register', signupRouter);\napp.use('/login', signupControllers.login);\napp.use('/logout', signupControllers.logout);\napp.use('/', (req, res) => {\n  res.json({message:'welcome to the home page'})\n})\napp.use((req, res) => {\n  res.status(404).json({\n    message: 'the page not found',\n  });\n});\n\nconst { PORT } = process.env;\napp.listen(PORT, () => {\n  console.log(`server is running on port ${PORT}...`);\n});\nexport default app;\n"],"mappings":";;;;;;AAAA;AACA;AACA;AACA;AACA;AACA;AACA;AACA;AACA;AACA;AAEA;AAAwD;AADxD;;AAEA;AACAA,eAAM,CAACC,MAAM,EAAE;AACf,MAAMC,GAAG,GAAG,IAAAC,gBAAO,GAAE;AACrBD,GAAG,CAACE,GAAG,CAACD,gBAAO,CAACE,IAAI,EAAE,CAAC;;AAEvB;AACAH,GAAG,CAACE,GAAG,CAAC,MAAM,EAAEE,kBAAS,CAAC;AAC1BJ,GAAG,CAACE,GAAG,CAAC,OAAO,EAAEG,mBAAU,CAAC;AAC5BL,GAAG,CAACE,GAAG,CAAC,UAAU,EAAEI,sBAAc,CAAC;AACnCN,GAAG,CAACE,GAAG,CAAC,WAAW,EAAEK,qBAAY,CAAC;AAClCP,GAAG,CAACE,GAAG,CAAC,QAAQ,EAAEM,yBAAiB,CAACC,KAAK,CAAC;AAC1CT,GAAG,CAACE,GAAG,CAAC,SAAS,EAAEM,yBAAiB,CAACE,MAAM,CAAC;AAC5CV,GAAG,CAACE,GAAG,CAAC,GAAG,EAAE,CAACS,GAAG,EAAEC,GAAG,KAAK;EACzBA,GAAG,CAACT,IAAI,CAAC;IAACU,OAAO,EAAC;EAA0B,CAAC,CAAC;AAChD,CAAC,CAAC;AACFb,GAAG,CAACE,GAAG,CAAC,CAACS,GAAG,EAAEC,GAAG,KAAK;EACpBA,GAAG,CAACE,MAAM,CAAC,GAAG,CAAC,CAACX,IAAI,CAAC;IACnBU,OAAO,EAAE;EACX,CAAC,CAAC;AACJ,CAAC,CAAC;AAEF,MAAM;EAAEE;AAAK,CAAC,GAAGC,OAAO,CAACC,GAAG;AAC5BjB,GAAG,CAACkB,MAAM,CAACH,IAAI,EAAE,MAAM;EACrBI,OAAO,CAACC,GAAG,CAAE,6BAA4BL,IAAK,KAAI,CAAC;AACrD,CAAC,CAAC;AAAC,eACYf,GAAG;AAAA"},"_coverageSchema":"1a1c01bbd47fc00a2c39e90264f33305004495a9","hash":"5b2647d6cf32d082df18ef0abf5bd1fa3fb7cc03","contentHash":"a9bc27188fefd12d69f0f86005d9bb9e633414ea42cc983da2b24dc32f7b3c72"},"C:\\backend\\my-brand-backend\\src\\routes\\blogRoutes.js":{"path":"C:\\backend\\my-brand-backend\\src\\routes\\blogRoutes.js","statementMap":{"0":{"start":{"line":3,"column":0},"end":{"line":5,"column":3}},"1":{"start":{"line":6,"column":0},"end":{"line":6,"column":25}},"2":{"start":{"line":7,"column":15},"end":{"line":7,"column":57}},"3":{"start":{"line":8,"column":14},"end":{"line":8,"column":64}},"4":{"start":{"line":9,"column":22},"end":{"line":9,"column":86}},"5":{"start":{"line":10,"column":25},"end":{"line":10,"column":92}},"6":{"start":{"line":11,"column":12},"end":{"line":11,"column":59}},"7":{"start":{"line":12,"column":39},"end":{"line":12,"column":93}},"8":{"start":{"line":13,"column":15},"end":{"line":13,"column":40}},"9":{"start":{"line":14,"column":0},"end":{"line":14,"column":62}},"10":{"start":{"line":15,"column":0},"end":{"line":15,"column":112}},"11":{"start":{"line":16,"column":0},"end":{"line":16,"column":71}},"12":{"start":{"line":17,"column":0},"end":{"line":17,"column":116}},"13":{"start":{"line":18,"column":0},"end":{"line":18,"column":86}},"14":{"start":{"line":19,"column":0},"end":{"line":19,"column":77}},"15":{"start":{"line":20,"column":0},"end":{"line":20,"column":92}},"16":{"start":{"line":21,"column":15},"end":{"line":21,"column":21}},"17":{"start":{"line":22,"column":0},"end":{"line":22,"column":27}}},"fnMap":{"0":{"name":"_interopRequireDefault","decl":{"start":{"line":12,"column":9},"end":{"line":12,"column":31}},"loc":{"start":{"line":12,"column":37},"end":{"line":12,"column":95}},"line":12}},"branchMap":{"0":{"loc":{"start":{"line":12,"column":46},"end":{"line":12,"column":92}},"type":"cond-expr","locations":[{"start":{"line":12,"column":70},"end":{"line":12,"column":73}},{"start":{"line":12,"column":76},"end":{"line":12,"column":92}}],"line":12},"1":{"loc":{"start":{"line":12,"column":46},"end":{"line":12,"column":67}},"type":"binary-expr","locations":[{"start":{"line":12,"column":46},"end":{"line":12,"column":49}},{"start":{"line":12,"column":53},"end":{"line":12,"column":67}}],"line":12}},"s":{"0":1,"1":1,"2":1,"3":1,"4":1,"5":1,"6":1,"7":5,"8":1,"9":1,"10":1,"11":1,"12":1,"13":1,"14":1,"15":1,"16":1,"17":1},"f":{"0":5},"b":{"0":[2,3],"1":[5,5]},"inputSourceMap":{"version":3,"names":["router","express","Router","route","get","blogControllers","getAllBlogs","post","verifyToken","upload","single","postBlog","getSingleBlog","put","updateBlog","delete","deleteBlog","commentController","getAllComments","postComment"],"sourceRoot":"C:\\backend\\my-brand-backend\\src\\routes\\","sources":["blogRoutes.js"],"sourcesContent":["import express from 'express';\nimport upload from '../store/multer';\nimport blogControllers from '../controllers/blogController';\nimport commentController from '../controllers/commentController';\nimport verifyToken from '../auth/auth';\n\nconst router = express.Router();\n\nrouter.route('/all').get(blogControllers.getAllBlogs);\nrouter\n  .route('/newBlog')\n  .post(verifyToken, upload.single('image'), blogControllers.postBlog);\nrouter.route('/single/:id').get(blogControllers.getSingleBlog);\nrouter\n  .route('/update/:id')\n  .put(verifyToken, upload.single('image'), blogControllers.updateBlog);\n\nrouter.route('/delete/:id').delete(verifyToken, blogControllers.deleteBlog);\n\nrouter.route('/:id/comments').get(commentController.getAllComments);\nrouter\n  .route('/:id/newcomment')\n  .post(verifyToken, commentController.postComment);\n\nexport default router;\n"],"mappings":";;;;;;AAAA;AACA;AACA;AACA;AACA;AAAuC;AAEvC,MAAMA,MAAM,GAAGC,gBAAO,CAACC,MAAM,EAAE;AAE/BF,MAAM,CAACG,KAAK,CAAC,MAAM,CAAC,CAACC,GAAG,CAACC,uBAAe,CAACC,WAAW,CAAC;AACrDN,MAAM,CACHG,KAAK,CAAC,UAAU,CAAC,CACjBI,IAAI,CAACC,aAAW,EAAEC,eAAM,CAACC,MAAM,CAAC,OAAO,CAAC,EAAEL,uBAAe,CAACM,QAAQ,CAAC;AACtEX,MAAM,CAACG,KAAK,CAAC,aAAa,CAAC,CAACC,GAAG,CAACC,uBAAe,CAACO,aAAa,CAAC;AAC9DZ,MAAM,CACHG,KAAK,CAAC,aAAa,CAAC,CACpBU,GAAG,CAACL,aAAW,EAAEC,eAAM,CAACC,MAAM,CAAC,OAAO,CAAC,EAAEL,uBAAe,CAACS,UAAU,CAAC;AAEvEd,MAAM,CAACG,KAAK,CAAC,aAAa,CAAC,CAACY,MAAM,CAACP,aAAW,EAAEH,uBAAe,CAACW,UAAU,CAAC;AAE3EhB,MAAM,CAACG,KAAK,CAAC,eAAe,CAAC,CAACC,GAAG,CAACa,0BAAiB,CAACC,cAAc,CAAC;AACnElB,MAAM,CACHG,KAAK,CAAC,iBAAiB,CAAC,CACxBI,IAAI,CAACC,aAAW,EAAES,0BAAiB,CAACE,WAAW,CAAC;AAAC,eAErCnB,MAAM;AAAA"},"_coverageSchema":"1a1c01bbd47fc00a2c39e90264f33305004495a9","hash":"42ecf208e9d6ce05fed82ee95cc7994c38b0a2d2","contentHash":"26e5dd213342a0e16e43c5fd956ad3f3e54addcab022c9eb6d32602f9fab6793"},"C:\\backend\\my-brand-backend\\src\\store\\multer.js":{"path":"C:\\backend\\my-brand-backend\\src\\store\\multer.js","statementMap":{"0":{"start":{"line":3,"column":0},"end":{"line":5,"column":3}},"1":{"start":{"line":6,"column":0},"end":{"line":6,"column":25}},"2":{"start":{"line":7,"column":14},"end":{"line":7,"column":55}},"3":{"start":{"line":8,"column":12},"end":{"line":8,"column":51}},"4":{"start":{"line":9,"column":39},"end":{"line":9,"column":93}},"5":{"start":{"line":11,"column":15},"end":{"line":17,"column":2}},"6":{"start":{"line":15,"column":4},"end":{"line":15,"column":19}},"7":{"start":{"line":18,"column":0},"end":{"line":18,"column":27}}},"fnMap":{"0":{"name":"_interopRequireDefault","decl":{"start":{"line":9,"column":9},"end":{"line":9,"column":31}},"loc":{"start":{"line":9,"column":37},"end":{"line":9,"column":95}},"line":9},"1":{"name":"(anonymous_1)","decl":{"start":{"line":13,"column":14},"end":{"line":13,"column":15}},"loc":{"start":{"line":13,"column":33},"end":{"line":16,"column":3}},"line":13}},"branchMap":{"0":{"loc":{"start":{"line":9,"column":46},"end":{"line":9,"column":92}},"type":"cond-expr","locations":[{"start":{"line":9,"column":70},"end":{"line":9,"column":73}},{"start":{"line":9,"column":76},"end":{"line":9,"column":92}}],"line":9},"1":{"loc":{"start":{"line":9,"column":46},"end":{"line":9,"column":67}},"type":"binary-expr","locations":[{"start":{"line":9,"column":46},"end":{"line":9,"column":49}},{"start":{"line":9,"column":53},"end":{"line":9,"column":67}}],"line":9}},"s":{"0":1,"1":1,"2":1,"3":1,"4":2,"5":1,"6":0,"7":1},"f":{"0":2,"1":0},"b":{"0":[0,2],"1":[2,2]},"inputSourceMap":{"version":3,"names":["multer","storage","diskStorage","fileFilter","req","file","cb"],"sourceRoot":"C:\\backend\\my-brand-backend\\src\\store\\","sources":["multer.js"],"sourcesContent":["import multer from 'multer';\nimport path from 'path';\n\n// Multer config\nexport default multer({\n  storage: multer.diskStorage({}),\n  fileFilter: (req, file, cb) => {\n    // let ext = path.extname(file.originalname);\n    cb(null, true);\n  },\n});\n"],"mappings":";;;;;;AAAA;AACA;AAAwB;AAExB;AAAA,eACe,IAAAA,eAAM,EAAC;EACpBC,OAAO,EAAED,eAAM,CAACE,WAAW,CAAC,CAAC,CAAC,CAAC;EAC/BC,UAAU,EAAE,CAACC,GAAG,EAAEC,IAAI,EAAEC,EAAE,KAAK;IAC7B;IACAA,EAAE,CAAC,IAAI,EAAE,IAAI,CAAC;EAChB;AACF,CAAC,CAAC;AAAA"},"_coverageSchema":"1a1c01bbd47fc00a2c39e90264f33305004495a9","hash":"6f0060763d5e2a3e3feb08ab900f26a73aa4f45b","contentHash":"c42e2475d74c52c0d9b10313eec4c4f3b344fee873190f22d79bf76cbff850cb"},"C:\\backend\\my-brand-backend\\src\\controllers\\blogController.js":{"path":"C:\\backend\\my-brand-backend\\src\\controllers\\blogController.js","statementMap":{"0":{"start":{"line":3,"column":18},"end":{"line":3,"column":63}},"1":{"start":{"line":4,"column":16},"end":{"line":4,"column":59}},"2":{"start":{"line":5,"column":13},"end":{"line":5,"column":63}},"3":{"start":{"line":6,"column":19},"end":{"line":6,"column":73}},"4":{"start":{"line":7,"column":39},"end":{"line":7,"column":93}},"5":{"start":{"line":8,"column":12},"end":{"line":8,"column":35}},"6":{"start":{"line":9,"column":0},"end":{"line":51,"column":2}},"7":{"start":{"line":10,"column":2},"end":{"line":50,"column":3}},"8":{"start":{"line":13,"column":8},"end":{"line":13,"column":19}},"9":{"start":{"line":21,"column":19},"end":{"line":21,"column":75}},"10":{"start":{"line":26,"column":8},"end":{"line":26,"column":16}},"11":{"start":{"line":27,"column":4},"end":{"line":47,"column":5}},"12":{"start":{"line":28,"column":6},"end":{"line":30,"column":9}},"13":{"start":{"line":34,"column":19},"end":{"line":40,"column":7}},"14":{"start":{"line":41,"column":22},"end":{"line":41,"column":55}},"15":{"start":{"line":42,"column":6},"end":{"line":46,"column":9}},"16":{"start":{"line":49,"column":4},"end":{"line":49,"column":21}},"17":{"start":{"line":52,"column":0},"end":{"line":59,"column":2}},"18":{"start":{"line":53,"column":2},"end":{"line":58,"column":3}},"19":{"start":{"line":54,"column":21},"end":{"line":54,"column":69}},"20":{"start":{"line":55,"column":4},"end":{"line":55,"column":23}},"21":{"start":{"line":57,"column":4},"end":{"line":57,"column":21}},"22":{"start":{"line":60,"column":0},"end":{"line":81,"column":2}},"23":{"start":{"line":61,"column":2},"end":{"line":80,"column":3}},"24":{"start":{"line":62,"column":4},"end":{"line":66,"column":5}},"25":{"start":{"line":63,"column":6},"end":{"line":65,"column":9}},"26":{"start":{"line":67,"column":17},"end":{"line":69,"column":27}},"27":{"start":{"line":70,"column":4},"end":{"line":77,"column":5}},"28":{"start":{"line":71,"column":6},"end":{"line":74,"column":9}},"29":{"start":{"line":76,"column":6},"end":{"line":76,"column":21}},"30":{"start":{"line":79,"column":4},"end":{"line":79,"column":21}},"31":{"start":{"line":82,"column":0},"end":{"line":107,"column":2}},"32":{"start":{"line":83,"column":2},"end":{"line":106,"column":3}},"33":{"start":{"line":84,"column":4},"end":{"line":88,"column":5}},"34":{"start":{"line":85,"column":6},"end":{"line":87,"column":9}},"35":{"start":{"line":89,"column":17},"end":{"line":89,"column":61}},"36":{"start":{"line":90,"column":4},"end":{"line":97,"column":5}},"37":{"start":{"line":91,"column":6},"end":{"line":93,"column":9}},"38":{"start":{"line":95,"column":6},"end":{"line":95,"column":69}},"39":{"start":{"line":96,"column":6},"end":{"line":96,"column":26}},"40":{"start":{"line":98,"column":4},"end":{"line":102,"column":7}},"41":{"start":{"line":104,"column":4},"end":{"line":104,"column":21}},"42":{"start":{"line":105,"column":4},"end":{"line":105,"column":18}},"43":{"start":{"line":108,"column":0},"end":{"line":153,"column":2}},"44":{"start":{"line":109,"column":2},"end":{"line":152,"column":3}},"45":{"start":{"line":110,"column":4},"end":{"line":114,"column":5}},"46":{"start":{"line":111,"column":6},"end":{"line":113,"column":9}},"47":{"start":{"line":115,"column":15},"end":{"line":115,"column":59}},"48":{"start":{"line":116,"column":4},"end":{"line":149,"column":5}},"49":{"start":{"line":117,"column":6},"end":{"line":120,"column":9}},"50":{"start":{"line":123,"column":6},"end":{"line":123,"column":69}},"51":{"start":{"line":126,"column":6},"end":{"line":128,"column":7}},"52":{"start":{"line":127,"column":8},"end":{"line":127,"column":74}},"53":{"start":{"line":133,"column":10},"end":{"line":133,"column":18}},"54":{"start":{"line":134,"column":19},"end":{"line":140,"column":7}},"55":{"start":{"line":141,"column":6},"end":{"line":143,"column":9}},"56":{"start":{"line":144,"column":6},"end":{"line":148,"column":9}},"57":{"start":{"line":151,"column":4},"end":{"line":151,"column":21}}},"fnMap":{"0":{"name":"_interopRequireDefault","decl":{"start":{"line":7,"column":9},"end":{"line":7,"column":31}},"loc":{"start":{"line":7,"column":37},"end":{"line":7,"column":95}},"line":7},"1":{"name":"(anonymous_1)","decl":{"start":{"line":9,"column":19},"end":{"line":9,"column":20}},"loc":{"start":{"line":9,"column":39},"end":{"line":51,"column":1}},"line":9},"2":{"name":"(anonymous_2)","decl":{"start":{"line":52,"column":22},"end":{"line":52,"column":23}},"loc":{"start":{"line":52,"column":42},"end":{"line":59,"column":1}},"line":52},"3":{"name":"(anonymous_3)","decl":{"start":{"line":60,"column":24},"end":{"line":60,"column":25}},"loc":{"start":{"line":60,"column":44},"end":{"line":81,"column":1}},"line":60},"4":{"name":"(anonymous_4)","decl":{"start":{"line":82,"column":21},"end":{"line":82,"column":22}},"loc":{"start":{"line":82,"column":41},"end":{"line":107,"column":1}},"line":82},"5":{"name":"(anonymous_5)","decl":{"start":{"line":108,"column":21},"end":{"line":108,"column":22}},"loc":{"start":{"line":108,"column":41},"end":{"line":153,"column":1}},"line":108}},"branchMap":{"0":{"loc":{"start":{"line":7,"column":46},"end":{"line":7,"column":92}},"type":"cond-expr","locations":[{"start":{"line":7,"column":70},"end":{"line":7,"column":73}},{"start":{"line":7,"column":76},"end":{"line":7,"column":92}}],"line":7},"1":{"loc":{"start":{"line":7,"column":46},"end":{"line":7,"column":67}},"type":"binary-expr","locations":[{"start":{"line":7,"column":46},"end":{"line":7,"column":49}},{"start":{"line":7,"column":53},"end":{"line":7,"column":67}}],"line":7},"2":{"loc":{"start":{"line":27,"column":4},"end":{"line":47,"column":5}},"type":"if","locations":[{"start":{"line":27,"column":4},"end":{"line":47,"column":5}},{"start":{"line":27,"column":4},"end":{"line":47,"column":5}}],"line":27},"3":{"loc":{"start":{"line":27,"column":8},"end":{"line":27,"column":66}},"type":"binary-expr","locations":[{"start":{"line":27,"column":8},"end":{"line":27,"column":14}},{"start":{"line":27,"column":18},"end":{"line":27,"column":35}},{"start":{"line":27,"column":39},"end":{"line":27,"column":55}},{"start":{"line":27,"column":59},"end":{"line":27,"column":66}}],"line":27},"4":{"loc":{"start":{"line":62,"column":4},"end":{"line":66,"column":5}},"type":"if","locations":[{"start":{"line":62,"column":4},"end":{"line":66,"column":5}},{"start":{"line":62,"column":4},"end":{"line":66,"column":5}}],"line":62},"5":{"loc":{"start":{"line":70,"column":4},"end":{"line":77,"column":5}},"type":"if","locations":[{"start":{"line":70,"column":4},"end":{"line":77,"column":5}},{"start":{"line":70,"column":4},"end":{"line":77,"column":5}}],"line":70},"6":{"loc":{"start":{"line":84,"column":4},"end":{"line":88,"column":5}},"type":"if","locations":[{"start":{"line":84,"column":4},"end":{"line":88,"column":5}},{"start":{"line":84,"column":4},"end":{"line":88,"column":5}}],"line":84},"7":{"loc":{"start":{"line":90,"column":4},"end":{"line":97,"column":5}},"type":"if","locations":[{"start":{"line":90,"column":4},"end":{"line":97,"column":5}},{"start":{"line":90,"column":4},"end":{"line":97,"column":5}}],"line":90},"8":{"loc":{"start":{"line":110,"column":4},"end":{"line":114,"column":5}},"type":"if","locations":[{"start":{"line":110,"column":4},"end":{"line":114,"column":5}},{"start":{"line":110,"column":4},"end":{"line":114,"column":5}}],"line":110},"9":{"loc":{"start":{"line":116,"column":4},"end":{"line":149,"column":5}},"type":"if","locations":[{"start":{"line":116,"column":4},"end":{"line":149,"column":5}},{"start":{"line":116,"column":4},"end":{"line":149,"column":5}}],"line":116},"10":{"loc":{"start":{"line":126,"column":6},"end":{"line":128,"column":7}},"type":"if","locations":[{"start":{"line":126,"column":6},"end":{"line":128,"column":7}},{"start":{"line":126,"column":6},"end":{"line":128,"column":7}}],"line":126},"11":{"loc":{"start":{"line":135,"column":15},"end":{"line":135,"column":34}},"type":"binary-expr","locations":[{"start":{"line":135,"column":15},"end":{"line":135,"column":20}},{"start":{"line":135,"column":24},"end":{"line":135,"column":34}}],"line":135},"12":{"loc":{"start":{"line":136,"column":26},"end":{"line":136,"column":67}},"type":"binary-expr","locations":[{"start":{"line":136,"column":26},"end":{"line":136,"column":42}},{"start":{"line":136,"column":46},"end":{"line":136,"column":67}}],"line":136},"13":{"loc":{"start":{"line":137,"column":25},"end":{"line":137,"column":64}},"type":"binary-expr","locations":[{"start":{"line":137,"column":25},"end":{"line":137,"column":40}},{"start":{"line":137,"column":44},"end":{"line":137,"column":64}}],"line":137},"14":{"loc":{"start":{"line":138,"column":18},"end":{"line":138,"column":53}},"type":"binary-expr","locations":[{"start":{"line":138,"column":18},"end":{"line":138,"column":36}},{"start":{"line":138,"column":40},"end":{"line":138,"column":53}}],"line":138},"15":{"loc":{"start":{"line":139,"column":23},"end":{"line":139,"column":62}},"type":"binary-expr","locations":[{"start":{"line":139,"column":23},"end":{"line":139,"column":40}},{"start":{"line":139,"column":44},"end":{"line":139,"column":62}}],"line":139}},"s":{"0":1,"1":1,"2":1,"3":1,"4":4,"5":1,"6":1,"7":0,"8":0,"9":0,"10":0,"11":0,"12":0,"13":0,"14":0,"15":0,"16":0,"17":1,"18":0,"19":0,"20":0,"21":0,"22":1,"23":0,"24":0,"25":0,"26":0,"27":0,"28":0,"29":0,"30":0,"31":1,"32":0,"33":0,"34":0,"35":0,"36":0,"37":0,"38":0,"39":0,"40":0,"41":0,"42":0,"43":1,"44":0,"45":0,"46":0,"47":0,"48":0,"49":0,"50":0,"51":0,"52":0,"53":0,"54":0,"55":0,"56":0,"57":0},"f":{"0":4,"1":0,"2":0,"3":0,"4":0,"5":0},"b":{"0":[2,2],"1":[4,4],"2":[0,0],"3":[0,0,0,0],"4":[0,0],"5":[0,0],"6":[0,0],"7":[0,0],"8":[0,0],"9":[0,0],"10":[0,0],"11":[0,0],"12":[0,0],"13":[0,0],"14":[0,0],"15":[0,0]},"inputSourceMap":{"version":3,"names":["jwt","require","exports","postBlog","req","res","SECRET_KEY","process","env","result","cloudinary","uploader","upload","file","path","title","shortDescription","fullDescription","body","json","message","user","imageUrl","secure_url","cloudinary_id","public_id","newBlog","blogPost","create","status","messag","err","console","log","getAllBlogs","allBlogs","find","populate","getSingleBlog","params","id","length","blog","findOne","_id","deleteBlog","findById","destroy","remove","send","updateBlog","data","findByIdAndUpdate","new"],"sourceRoot":"C:\\backend\\my-brand-backend\\src\\controllers\\","sources":["blogController.js"],"sourcesContent":["import cloudinary from 'cloudinary';\nimport status from 'statuses';\nimport blogPost from '../models/blogs';\n\nimport uploads from '../store/cloudinary';\n\nconst jwt = require('jsonwebtoken');\n\nexports.postBlog = async (req, res) => {\n  try {\n    const { SECRET_KEY } = process.env;\n    // console.log(req.user, 'from blogController');\n    // jwt.verify(req.token, SECRET_KEY, (err, authData) => {\n    //   if (err) {\n    //     return res.status(403).json({message:\"mismatch of tokens\"});\n    //   }\n    // });\n    // Upload image to cloudinary\n    const result = await cloudinary.uploader.upload(req.file.path);\n    const { title, shortDescription, fullDescription } = req.body;\n    if (!title || !shortDescription || !fullDescription || !result) {\n      res.json({ message: 'all fields are required' });\n    }\n    // Create new user\n    else {\n      const user = {\n        title,\n        shortDescription,\n        fullDescription,\n        imageUrl: result.secure_url,\n        cloudinary_id: result.public_id,\n      };\n      const newBlog = await blogPost.create(user);\n      res.status(201).json({\n        status: 'success',\n        messag: 'blog created successfully',\n        newBlog,\n      });\n    }\n  } catch (err) {\n    console.log(err);\n  }\n};\nexports.getAllBlogs = async (req, res) => {\n  try {\n    const allBlogs = await blogPost.find().populate('comments');\n    res.json(allBlogs);\n  } catch (err) {\n    console.log(err);\n  }\n};\n\nexports.getSingleBlog = async (req, res) => {\n  try {\n    if (req.params.id.length != 24) {\n      res.json({ message: 'incorrect id' });\n    }\n    const blog = await blogPost\n      .findOne({ _id: req.params.id })\n      .populate('comments');\n    if (!blog) {\n      res.status(404).json({\n        status: 'fail',\n        message: \"the blog doesn't exist\",\n      });\n    } else {\n      res.json(blog);\n    }\n  } catch (err) {\n    console.log(err);\n  }\n};\nexports.deleteBlog = async (req, res) => {\n  try {\n    if (req.params.id.length != 24) {\n      res.json({ message: 'incorrect id' });\n    }\n    const blog = await blogPost.findById(req.params.id);\n    if (!blog) {\n      res.json({ message: \"the blog doesn't exist\" });\n    } else {\n      await cloudinary.uploader.destroy(blog.cloudinary_id);\n      await blog.remove();\n    }\n    res.status(400).json({\n      status: 'success',\n      messag: 'blog deleted.',\n      blog,\n    });\n  } catch (err) {\n    console.log(err);\n    res.send(err);\n  }\n};\nexports.updateBlog = async (req, res) => {\n  try {\n    if (req.params.id.length != 24) {\n      res.json({ message: 'incorrect id' });\n    }\n    let blog = await blogPost.findById(req.params.id);\n    if (!blog) {\n      res.status(400).json({\n        status: 'bad request',\n        message: \"the blog doesn't exist\",\n      });\n    } else {\n      // Delete image from cloudinary\n      await cloudinary.uploader.destroy(blog.cloudinary_id);\n      // Upload image to cloudinary\n      let result;\n      if (req.file) {\n        result = await cloudinary.uploader.upload(req.file.path);\n      }\n      const { shortDescription, title, fullDescription } = req.body;\n      const data = {\n        title: title || blog.title,\n        shortDescription: shortDescription || blog.shortDescription,\n        fullDescription: fullDescription || blog.fullDescription,\n        imageUrl: result?.secure_url || blog.imageUrl,\n        cloudinary_id: result?.public_id || blog.cloudinary_id,\n      };\n      blog = await blogPost.findByIdAndUpdate(req.params.id, data, {\n        new: true,\n      });\n      res.status(201).json({\n        message: 'blog updated successfully',\n        status: 'success',\n        blog,\n      });\n    }\n  } catch (err) {\n    console.log(err);\n  }\n};\n"],"mappings":";;AAAA;AACA;AACA;AAEA;AAA0C;AAE1C,MAAMA,GAAG,GAAGC,OAAO,CAAC,cAAc,CAAC;AAEnCC,OAAO,CAACC,QAAQ,GAAG,OAAOC,GAAG,EAAEC,GAAG,KAAK;EACrC,IAAI;IACF,MAAM;MAAEC;IAAW,CAAC,GAAGC,OAAO,CAACC,GAAG;IAClC;IACA;IACA;IACA;IACA;IACA;IACA;IACA,MAAMC,MAAM,GAAG,MAAMC,mBAAU,CAACC,QAAQ,CAACC,MAAM,CAACR,GAAG,CAACS,IAAI,CAACC,IAAI,CAAC;IAC9D,MAAM;MAAEC,KAAK;MAAEC,gBAAgB;MAAEC;IAAgB,CAAC,GAAGb,GAAG,CAACc,IAAI;IAC7D,IAAI,CAACH,KAAK,IAAI,CAACC,gBAAgB,IAAI,CAACC,eAAe,IAAI,CAACR,MAAM,EAAE;MAC9DJ,GAAG,CAACc,IAAI,CAAC;QAAEC,OAAO,EAAE;MAA0B,CAAC,CAAC;IAClD;IACA;IAAA,KACK;MACH,MAAMC,IAAI,GAAG;QACXN,KAAK;QACLC,gBAAgB;QAChBC,eAAe;QACfK,QAAQ,EAAEb,MAAM,CAACc,UAAU;QAC3BC,aAAa,EAAEf,MAAM,CAACgB;MACxB,CAAC;MACD,MAAMC,OAAO,GAAG,MAAMC,cAAQ,CAACC,MAAM,CAACP,IAAI,CAAC;MAC3ChB,GAAG,CAACwB,MAAM,CAAC,GAAG,CAAC,CAACV,IAAI,CAAC;QACnBU,MAAM,EAAE,SAAS;QACjBC,MAAM,EAAE,2BAA2B;QACnCJ;MACF,CAAC,CAAC;IACJ;EACF,CAAC,CAAC,OAAOK,GAAG,EAAE;IACZC,OAAO,CAACC,GAAG,CAACF,GAAG,CAAC;EAClB;AACF,CAAC;AACD7B,OAAO,CAACgC,WAAW,GAAG,OAAO9B,GAAG,EAAEC,GAAG,KAAK;EACxC,IAAI;IACF,MAAM8B,QAAQ,GAAG,MAAMR,cAAQ,CAACS,IAAI,EAAE,CAACC,QAAQ,CAAC,UAAU,CAAC;IAC3DhC,GAAG,CAACc,IAAI,CAACgB,QAAQ,CAAC;EACpB,CAAC,CAAC,OAAOJ,GAAG,EAAE;IACZC,OAAO,CAACC,GAAG,CAACF,GAAG,CAAC;EAClB;AACF,CAAC;AAED7B,OAAO,CAACoC,aAAa,GAAG,OAAOlC,GAAG,EAAEC,GAAG,KAAK;EAC1C,IAAI;IACF,IAAID,GAAG,CAACmC,MAAM,CAACC,EAAE,CAACC,MAAM,IAAI,EAAE,EAAE;MAC9BpC,GAAG,CAACc,IAAI,CAAC;QAAEC,OAAO,EAAE;MAAe,CAAC,CAAC;IACvC;IACA,MAAMsB,IAAI,GAAG,MAAMf,cAAQ,CACxBgB,OAAO,CAAC;MAAEC,GAAG,EAAExC,GAAG,CAACmC,MAAM,CAACC;IAAG,CAAC,CAAC,CAC/BH,QAAQ,CAAC,UAAU,CAAC;IACvB,IAAI,CAACK,IAAI,EAAE;MACTrC,GAAG,CAACwB,MAAM,CAAC,GAAG,CAAC,CAACV,IAAI,CAAC;QACnBU,MAAM,EAAE,MAAM;QACdT,OAAO,EAAE;MACX,CAAC,CAAC;IACJ,CAAC,MAAM;MACLf,GAAG,CAACc,IAAI,CAACuB,IAAI,CAAC;IAChB;EACF,CAAC,CAAC,OAAOX,GAAG,EAAE;IACZC,OAAO,CAACC,GAAG,CAACF,GAAG,CAAC;EAClB;AACF,CAAC;AACD7B,OAAO,CAAC2C,UAAU,GAAG,OAAOzC,GAAG,EAAEC,GAAG,KAAK;EACvC,IAAI;IACF,IAAID,GAAG,CAACmC,MAAM,CAACC,EAAE,CAACC,MAAM,IAAI,EAAE,EAAE;MAC9BpC,GAAG,CAACc,IAAI,CAAC;QAAEC,OAAO,EAAE;MAAe,CAAC,CAAC;IACvC;IACA,MAAMsB,IAAI,GAAG,MAAMf,cAAQ,CAACmB,QAAQ,CAAC1C,GAAG,CAACmC,MAAM,CAACC,EAAE,CAAC;IACnD,IAAI,CAACE,IAAI,EAAE;MACTrC,GAAG,CAACc,IAAI,CAAC;QAAEC,OAAO,EAAE;MAAyB,CAAC,CAAC;IACjD,CAAC,MAAM;MACL,MAAMV,mBAAU,CAACC,QAAQ,CAACoC,OAAO,CAACL,IAAI,CAAClB,aAAa,CAAC;MACrD,MAAMkB,IAAI,CAACM,MAAM,EAAE;IACrB;IACA3C,GAAG,CAACwB,MAAM,CAAC,GAAG,CAAC,CAACV,IAAI,CAAC;MACnBU,MAAM,EAAE,SAAS;MACjBC,MAAM,EAAE,eAAe;MACvBY;IACF,CAAC,CAAC;EACJ,CAAC,CAAC,OAAOX,GAAG,EAAE;IACZC,OAAO,CAACC,GAAG,CAACF,GAAG,CAAC;IAChB1B,GAAG,CAAC4C,IAAI,CAAClB,GAAG,CAAC;EACf;AACF,CAAC;AACD7B,OAAO,CAACgD,UAAU,GAAG,OAAO9C,GAAG,EAAEC,GAAG,KAAK;EACvC,IAAI;IACF,IAAID,GAAG,CAACmC,MAAM,CAACC,EAAE,CAACC,MAAM,IAAI,EAAE,EAAE;MAC9BpC,GAAG,CAACc,IAAI,CAAC;QAAEC,OAAO,EAAE;MAAe,CAAC,CAAC;IACvC;IACA,IAAIsB,IAAI,GAAG,MAAMf,cAAQ,CAACmB,QAAQ,CAAC1C,GAAG,CAACmC,MAAM,CAACC,EAAE,CAAC;IACjD,IAAI,CAACE,IAAI,EAAE;MACTrC,GAAG,CAACwB,MAAM,CAAC,GAAG,CAAC,CAACV,IAAI,CAAC;QACnBU,MAAM,EAAE,aAAa;QACrBT,OAAO,EAAE;MACX,CAAC,CAAC;IACJ,CAAC,MAAM;MACL;MACA,MAAMV,mBAAU,CAACC,QAAQ,CAACoC,OAAO,CAACL,IAAI,CAAClB,aAAa,CAAC;MACrD;MACA,IAAIf,MAAM;MACV,IAAIL,GAAG,CAACS,IAAI,EAAE;QACZJ,MAAM,GAAG,MAAMC,mBAAU,CAACC,QAAQ,CAACC,MAAM,CAACR,GAAG,CAACS,IAAI,CAACC,IAAI,CAAC;MAC1D;MACA,MAAM;QAAEE,gBAAgB;QAAED,KAAK;QAAEE;MAAgB,CAAC,GAAGb,GAAG,CAACc,IAAI;MAC7D,MAAMiC,IAAI,GAAG;QACXpC,KAAK,EAAEA,KAAK,IAAI2B,IAAI,CAAC3B,KAAK;QAC1BC,gBAAgB,EAAEA,gBAAgB,IAAI0B,IAAI,CAAC1B,gBAAgB;QAC3DC,eAAe,EAAEA,eAAe,IAAIyB,IAAI,CAACzB,eAAe;QACxDK,QAAQ,EAAEb,MAAM,EAAEc,UAAU,IAAImB,IAAI,CAACpB,QAAQ;QAC7CE,aAAa,EAAEf,MAAM,EAAEgB,SAAS,IAAIiB,IAAI,CAAClB;MAC3C,CAAC;MACDkB,IAAI,GAAG,MAAMf,cAAQ,CAACyB,iBAAiB,CAAChD,GAAG,CAACmC,MAAM,CAACC,EAAE,EAAEW,IAAI,EAAE;QAC3DE,GAAG,EAAE;MACP,CAAC,CAAC;MACFhD,GAAG,CAACwB,MAAM,CAAC,GAAG,CAAC,CAACV,IAAI,CAAC;QACnBC,OAAO,EAAE,2BAA2B;QACpCS,MAAM,EAAE,SAAS;QACjBa;MACF,CAAC,CAAC;IACJ;EACF,CAAC,CAAC,OAAOX,GAAG,EAAE;IACZC,OAAO,CAACC,GAAG,CAACF,GAAG,CAAC;EAClB;AACF,CAAC"},"_coverageSchema":"1a1c01bbd47fc00a2c39e90264f33305004495a9","hash":"82b922adbd190e15104798825b7f3582e7213166","contentHash":"a846452905aa9f841cecc2cc5099720f33907acf0a6cd60c1dcd58e2df6570fc"},"C:\\backend\\my-brand-backend\\src\\models\\blogs.js":{"path":"C:\\backend\\my-brand-backend\\src\\models\\blogs.js","statementMap":{"0":{"start":{"line":3,"column":0},"end":{"line":5,"column":3}},"1":{"start":{"line":6,"column":0},"end":{"line":6,"column":25}},"2":{"start":{"line":7,"column":16},"end":{"line":7,"column":59}},"3":{"start":{"line":8,"column":39},"end":{"line":8,"column":93}},"4":{"start":{"line":9,"column":15},"end":{"line":33,"column":2}},"5":{"start":{"line":34,"column":17},"end":{"line":34,"column":57}},"6":{"start":{"line":35,"column":15},"end":{"line":35,"column":23}},"7":{"start":{"line":36,"column":0},"end":{"line":36,"column":27}}},"fnMap":{"0":{"name":"_interopRequireDefault","decl":{"start":{"line":8,"column":9},"end":{"line":8,"column":31}},"loc":{"start":{"line":8,"column":37},"end":{"line":8,"column":95}},"line":8}},"branchMap":{"0":{"loc":{"start":{"line":8,"column":46},"end":{"line":8,"column":92}},"type":"cond-expr","locations":[{"start":{"line":8,"column":70},"end":{"line":8,"column":73}},{"start":{"line":8,"column":76},"end":{"line":8,"column":92}}],"line":8},"1":{"loc":{"start":{"line":8,"column":46},"end":{"line":8,"column":67}},"type":"binary-expr","locations":[{"start":{"line":8,"column":46},"end":{"line":8,"column":49}},{"start":{"line":8,"column":53},"end":{"line":8,"column":67}}],"line":8}},"s":{"0":1,"1":1,"2":1,"3":1,"4":1,"5":1,"6":1,"7":1},"f":{"0":1},"b":{"0":[0,1],"1":[1,1]},"inputSourceMap":{"version":3,"names":["schema","mongoose","Schema","title","type","String","required","shortDescription","fullDescription","imageUrl","cloudinary_id","comments","Types","ObjectId","ref","blopPost","model"],"sourceRoot":"C:\\backend\\my-brand-backend\\src\\models\\","sources":["blogs.js"],"sourcesContent":["import mongoose from 'mongoose';\n\nconst schema = mongoose.Schema({\n  title: {\n    type: String,\n    required: true,\n  },\n  shortDescription: {\n    type: String,\n    required: true,\n  },\n  fullDescription: {\n    type: String,\n    required: true,\n  },\n  imageUrl: {\n    type: String,\n    required: true,\n  },\n  cloudinary_id: { type: String },\n  comments: [\n    {\n      type: mongoose.Schema.Types.ObjectId,\n      ref: 'comments',\n    },\n  ],\n});\nconst blopPost = mongoose.model('blogs', schema);\nexport default blopPost;\n"],"mappings":";;;;;;AAAA;AAAgC;AAEhC,MAAMA,MAAM,GAAGC,iBAAQ,CAACC,MAAM,CAAC;EAC7BC,KAAK,EAAE;IACLC,IAAI,EAAEC,MAAM;IACZC,QAAQ,EAAE;EACZ,CAAC;EACDC,gBAAgB,EAAE;IAChBH,IAAI,EAAEC,MAAM;IACZC,QAAQ,EAAE;EACZ,CAAC;EACDE,eAAe,EAAE;IACfJ,IAAI,EAAEC,MAAM;IACZC,QAAQ,EAAE;EACZ,CAAC;EACDG,QAAQ,EAAE;IACRL,IAAI,EAAEC,MAAM;IACZC,QAAQ,EAAE;EACZ,CAAC;EACDI,aAAa,EAAE;IAAEN,IAAI,EAAEC;EAAO,CAAC;EAC/BM,QAAQ,EAAE,CACR;IACEP,IAAI,EAAEH,iBAAQ,CAACC,MAAM,CAACU,KAAK,CAACC,QAAQ;IACpCC,GAAG,EAAE;EACP,CAAC;AAEL,CAAC,CAAC;AACF,MAAMC,QAAQ,GAAGd,iBAAQ,CAACe,KAAK,CAAC,OAAO,EAAEhB,MAAM,CAAC;AAAC,eAClCe,QAAQ;AAAA"},"_coverageSchema":"1a1c01bbd47fc00a2c39e90264f33305004495a9","hash":"06d787be85ef344f889459dbbeb8b84c145ba3f5","contentHash":"66c81bdc47ee46feef451260bc95f12c32d8f9d2685b6fc113b7c11a0192560f"},"C:\\backend\\my-brand-backend\\src\\store\\cloudinary.js":{"path":"C:\\backend\\my-brand-backend\\src\\store\\cloudinary.js","statementMap":{"0":{"start":{"line":3,"column":0},"end":{"line":5,"column":3}},"1":{"start":{"line":6,"column":0},"end":{"line":6,"column":25}},"2":{"start":{"line":7,"column":18},"end":{"line":7,"column":63}},"3":{"start":{"line":8,"column":14},"end":{"line":8,"column":55}},"4":{"start":{"line":9,"column":39},"end":{"line":9,"column":93}},"5":{"start":{"line":10,"column":0},"end":{"line":10,"column":25}},"6":{"start":{"line":15,"column":4},"end":{"line":15,"column":15}},"7":{"start":{"line":16,"column":0},"end":{"line":20,"column":3}},"8":{"start":{"line":21,"column":15},"end":{"line":21,"column":34}},"9":{"start":{"line":22,"column":0},"end":{"line":22,"column":27}}},"fnMap":{"0":{"name":"_interopRequireDefault","decl":{"start":{"line":9,"column":9},"end":{"line":9,"column":31}},"loc":{"start":{"line":9,"column":37},"end":{"line":9,"column":95}},"line":9}},"branchMap":{"0":{"loc":{"start":{"line":9,"column":46},"end":{"line":9,"column":92}},"type":"cond-expr","locations":[{"start":{"line":9,"column":70},"end":{"line":9,"column":73}},{"start":{"line":9,"column":76},"end":{"line":9,"column":92}}],"line":9},"1":{"loc":{"start":{"line":9,"column":46},"end":{"line":9,"column":67}},"type":"binary-expr","locations":[{"start":{"line":9,"column":46},"end":{"line":9,"column":49}},{"start":{"line":9,"column":53},"end":{"line":9,"column":67}}],"line":9}},"s":{"0":1,"1":1,"2":1,"3":1,"4":2,"5":1,"6":1,"7":1,"8":1,"9":1},"f":{"0":2},"b":{"0":[0,2],"1":[2,2]},"inputSourceMap":{"version":3,"names":["dotenv","config","CLOUDINARY_USERNAME","CLOUDINARY_API_KEY","CLOUDINARY_API_SECRET","process","env","cloudinary","cloud_name","api_key","api_secret"],"sourceRoot":"C:\\backend\\my-brand-backend\\src\\store\\","sources":["cloudinary.js"],"sourcesContent":["import cloudinary from 'cloudinary';\nimport dotenv from 'dotenv';\n\ndotenv.config();\nconst { CLOUDINARY_USERNAME, CLOUDINARY_API_KEY, CLOUDINARY_API_SECRET } =\n  process.env;\ncloudinary.config({\n  cloud_name: CLOUDINARY_USERNAME,\n  api_key: CLOUDINARY_API_KEY,\n  api_secret: CLOUDINARY_API_SECRET,\n});\n\nexport default cloudinary;\n"],"mappings":";;;;;;AAAA;AACA;AAA4B;AAE5BA,eAAM,CAACC,MAAM,EAAE;AACf,MAAM;EAAEC,mBAAmB;EAAEC,kBAAkB;EAAEC;AAAsB,CAAC,GACtEC,OAAO,CAACC,GAAG;AACbC,mBAAU,CAACN,MAAM,CAAC;EAChBO,UAAU,EAAEN,mBAAmB;EAC/BO,OAAO,EAAEN,kBAAkB;EAC3BO,UAAU,EAAEN;AACd,CAAC,CAAC;AAAC,eAEYG,mBAAU;AAAA"},"_coverageSchema":"1a1c01bbd47fc00a2c39e90264f33305004495a9","hash":"a2c74f0f1cabf858dec8da3f05eb5b793bf56bb0","contentHash":"52d920d6a6856aeef62d8796375e8ee27982b7126f6af52ecefe8b388b79a42a"},"C:\\backend\\my-brand-backend\\src\\controllers\\commentController.js":{"path":"C:\\backend\\my-brand-backend\\src\\controllers\\commentController.js","statementMap":{"0":{"start":{"line":3,"column":16},"end":{"line":3,"column":69}},"1":{"start":{"line":4,"column":13},"end":{"line":4,"column":63}},"2":{"start":{"line":5,"column":39},"end":{"line":5,"column":93}},"3":{"start":{"line":6,"column":0},"end":{"line":43,"column":2}},"4":{"start":{"line":7,"column":2},"end":{"line":42,"column":3}},"5":{"start":{"line":10,"column":8},"end":{"line":10,"column":16}},"6":{"start":{"line":11,"column":19},"end":{"line":11,"column":32}},"7":{"start":{"line":14,"column":8},"end":{"line":14,"column":16}},"8":{"start":{"line":15,"column":19},"end":{"line":15,"column":27}},"9":{"start":{"line":16,"column":4},"end":{"line":39,"column":5}},"10":{"start":{"line":17,"column":6},"end":{"line":19,"column":9}},"11":{"start":{"line":21,"column":25},"end":{"line":26,"column":8}},"12":{"start":{"line":27,"column":6},"end":{"line":33,"column":9}},"13":{"start":{"line":34,"column":6},"end":{"line":38,"column":9}},"14":{"start":{"line":41,"column":4},"end":{"line":41,"column":21}},"15":{"start":{"line":44,"column":0},"end":{"line":51,"column":2}},"16":{"start":{"line":45,"column":2},"end":{"line":50,"column":3}},"17":{"start":{"line":46,"column":24},"end":{"line":46,"column":54}},"18":{"start":{"line":47,"column":4},"end":{"line":47,"column":38}},"19":{"start":{"line":49,"column":4},"end":{"line":49,"column":21}},"20":{"start":{"line":52,"column":0},"end":{"line":71,"column":2}},"21":{"start":{"line":53,"column":2},"end":{"line":70,"column":3}},"22":{"start":{"line":54,"column":4},"end":{"line":58,"column":5}},"23":{"start":{"line":55,"column":6},"end":{"line":57,"column":9}},"24":{"start":{"line":59,"column":20},"end":{"line":59,"column":67}},"25":{"start":{"line":60,"column":4},"end":{"line":67,"column":5}},"26":{"start":{"line":61,"column":6},"end":{"line":64,"column":9}},"27":{"start":{"line":66,"column":6},"end":{"line":66,"column":36}},"28":{"start":{"line":69,"column":4},"end":{"line":69,"column":21}},"29":{"start":{"line":72,"column":0},"end":{"line":97,"column":2}},"30":{"start":{"line":73,"column":2},"end":{"line":96,"column":3}},"31":{"start":{"line":74,"column":4},"end":{"line":79,"column":5}},"32":{"start":{"line":75,"column":6},"end":{"line":78,"column":9}},"33":{"start":{"line":80,"column":20},"end":{"line":80,"column":67}},"34":{"start":{"line":81,"column":4},"end":{"line":93,"column":5}},"35":{"start":{"line":82,"column":6},"end":{"line":85,"column":9}},"36":{"start":{"line":87,"column":6},"end":{"line":87,"column":23}},"37":{"start":{"line":88,"column":6},"end":{"line":92,"column":9}},"38":{"start":{"line":95,"column":4},"end":{"line":95,"column":21}}},"fnMap":{"0":{"name":"_interopRequireDefault","decl":{"start":{"line":5,"column":9},"end":{"line":5,"column":31}},"loc":{"start":{"line":5,"column":37},"end":{"line":5,"column":95}},"line":5},"1":{"name":"(anonymous_1)","decl":{"start":{"line":6,"column":22},"end":{"line":6,"column":23}},"loc":{"start":{"line":6,"column":42},"end":{"line":43,"column":1}},"line":6},"2":{"name":"(anonymous_2)","decl":{"start":{"line":44,"column":25},"end":{"line":44,"column":26}},"loc":{"start":{"line":44,"column":45},"end":{"line":51,"column":1}},"line":44},"3":{"name":"(anonymous_3)","decl":{"start":{"line":52,"column":21},"end":{"line":52,"column":22}},"loc":{"start":{"line":52,"column":41},"end":{"line":71,"column":1}},"line":52},"4":{"name":"(anonymous_4)","decl":{"start":{"line":72,"column":24},"end":{"line":72,"column":25}},"loc":{"start":{"line":72,"column":44},"end":{"line":97,"column":1}},"line":72}},"branchMap":{"0":{"loc":{"start":{"line":5,"column":46},"end":{"line":5,"column":92}},"type":"cond-expr","locations":[{"start":{"line":5,"column":70},"end":{"line":5,"column":73}},{"start":{"line":5,"column":76},"end":{"line":5,"column":92}}],"line":5},"1":{"loc":{"start":{"line":5,"column":46},"end":{"line":5,"column":67}},"type":"binary-expr","locations":[{"start":{"line":5,"column":46},"end":{"line":5,"column":49}},{"start":{"line":5,"column":53},"end":{"line":5,"column":67}}],"line":5},"2":{"loc":{"start":{"line":16,"column":4},"end":{"line":39,"column":5}},"type":"if","locations":[{"start":{"line":16,"column":4},"end":{"line":39,"column":5}},{"start":{"line":16,"column":4},"end":{"line":39,"column":5}}],"line":16},"3":{"loc":{"start":{"line":16,"column":8},"end":{"line":16,"column":34}},"type":"binary-expr","locations":[{"start":{"line":16,"column":8},"end":{"line":16,"column":23}},{"start":{"line":16,"column":27},"end":{"line":16,"column":34}}],"line":16},"4":{"loc":{"start":{"line":54,"column":4},"end":{"line":58,"column":5}},"type":"if","locations":[{"start":{"line":54,"column":4},"end":{"line":58,"column":5}},{"start":{"line":54,"column":4},"end":{"line":58,"column":5}}],"line":54},"5":{"loc":{"start":{"line":60,"column":4},"end":{"line":67,"column":5}},"type":"if","locations":[{"start":{"line":60,"column":4},"end":{"line":67,"column":5}},{"start":{"line":60,"column":4},"end":{"line":67,"column":5}}],"line":60},"6":{"loc":{"start":{"line":74,"column":4},"end":{"line":79,"column":5}},"type":"if","locations":[{"start":{"line":74,"column":4},"end":{"line":79,"column":5}},{"start":{"line":74,"column":4},"end":{"line":79,"column":5}}],"line":74},"7":{"loc":{"start":{"line":81,"column":4},"end":{"line":93,"column":5}},"type":"if","locations":[{"start":{"line":81,"column":4},"end":{"line":93,"column":5}},{"start":{"line":81,"column":4},"end":{"line":93,"column":5}}],"line":81}},"s":{"0":1,"1":1,"2":2,"3":1,"4":0,"5":0,"6":0,"7":0,"8":0,"9":0,"10":0,"11":0,"12":0,"13":0,"14":0,"15":1,"16":0,"17":0,"18":0,"19":0,"20":1,"21":0,"22":0,"23":0,"24":0,"25":0,"26":0,"27":0,"28":0,"29":1,"30":0,"31":0,"32":0,"33":0,"34":0,"35":0,"36":0,"37":0,"38":0},"f":{"0":2,"1":0,"2":0,"3":0,"4":0},"b":{"0":[2,0],"1":[2,2],"2":[0,0],"3":[0,0],"4":[0,0],"5":[0,0],"6":[0,0],"7":[0,0]},"inputSourceMap":{"version":3,"names":["exports","postComment","req","res","commentContent","body","blogId","params","id","user","userId","_id","json","message","newComment","comments","create","blog","userName","name","blopPost","updateOne","$push","status","comment","err","console","log","getAllComments","allComments","find","getComment","length","findById","deleteComment","remove"],"sourceRoot":"C:\\backend\\my-brand-backend\\src\\controllers\\","sources":["commentController.js"],"sourcesContent":["import comments from '../models/comments';\nimport blopPost from '../models/blogs';\n\nexports.postComment = async (req, res) => {\n  try {\n    const { commentContent } = req.body;\n    const blogId = req.params.id;\n    const { user } = req.user;\n    const userId = user._id;\n    if (!commentContent || !blogId) {\n      res.json({ message: 'all fields are required' });\n    } else {\n      const newComment = await comments.create({\n        commentContent,\n        blog: blogId,\n        userName: user.name,\n        user: userId,\n      });\n      await blopPost.updateOne(\n        { _id: blogId },\n        {\n          $push: { comments: newComment._id },\n        }\n      );\n      res.status(201).json({\n        status: 201,\n        message: 'comment created successfully',\n        comment: newComment,\n      });\n    }\n  } catch (err) {\n    console.log(err);\n  }\n};\nexports.getAllComments = async (req, res) => {\n  try {\n    const allComments = await comments.find();\n    res.status(200).json(allComments);\n  } catch (err) {\n    console.log(err);\n  }\n};\nexports.getComment = async (req, res) => {\n  try {\n    if (req.params.id.length != 24) {\n      res.json({ message: 'incorrect id' });\n    }\n    const comment = await comments.findById(req.params.id);\n    if (!comment) {\n      res.status(404).json({\n        status: 'comment not found',\n        message: \"the comment doesn't exist\",\n      });\n    } else {\n      res.status(200).json(comment);\n    }\n  } catch (err) {\n    console.log(err);\n  }\n};\nexports.deleteComment = async (req, res) => {\n  try {\n    if (req.params.id.length != 24) {\n      res.status(404).json({\n        status: 'invalid id',\n        message: 'incorrect id',\n      });\n    }\n    const comment = await comments.findById(req.params.id);\n    if (!comment) {\n      res.status(404).json({\n        status: 'comment not found',\n        message: \"the comment doesn't exist\",\n      });\n    } else {\n      comment.remove();\n      res.status(200).json({\n        status: 'success',\n        message: 'message deleted successfully',\n        comment,\n      });\n    }\n  } catch (err) {\n    console.log(err);\n  }\n};\n"],"mappings":";;AAAA;AACA;AAAuC;AAEvCA,OAAO,CAACC,WAAW,GAAG,OAAOC,GAAG,EAAEC,GAAG,KAAK;EACxC,IAAI;IACF,MAAM;MAAEC;IAAe,CAAC,GAAGF,GAAG,CAACG,IAAI;IACnC,MAAMC,MAAM,GAAGJ,GAAG,CAACK,MAAM,CAACC,EAAE;IAC5B,MAAM;MAAEC;IAAK,CAAC,GAAGP,GAAG,CAACO,IAAI;IACzB,MAAMC,MAAM,GAAGD,IAAI,CAACE,GAAG;IACvB,IAAI,CAACP,cAAc,IAAI,CAACE,MAAM,EAAE;MAC9BH,GAAG,CAACS,IAAI,CAAC;QAAEC,OAAO,EAAE;MAA0B,CAAC,CAAC;IAClD,CAAC,MAAM;MACL,MAAMC,UAAU,GAAG,MAAMC,iBAAQ,CAACC,MAAM,CAAC;QACvCZ,cAAc;QACda,IAAI,EAAEX,MAAM;QACZY,QAAQ,EAAET,IAAI,CAACU,IAAI;QACnBV,IAAI,EAAEC;MACR,CAAC,CAAC;MACF,MAAMU,cAAQ,CAACC,SAAS,CACtB;QAAEV,GAAG,EAAEL;MAAO,CAAC,EACf;QACEgB,KAAK,EAAE;UAAEP,QAAQ,EAAED,UAAU,CAACH;QAAI;MACpC,CAAC,CACF;MACDR,GAAG,CAACoB,MAAM,CAAC,GAAG,CAAC,CAACX,IAAI,CAAC;QACnBW,MAAM,EAAE,GAAG;QACXV,OAAO,EAAE,8BAA8B;QACvCW,OAAO,EAAEV;MACX,CAAC,CAAC;IACJ;EACF,CAAC,CAAC,OAAOW,GAAG,EAAE;IACZC,OAAO,CAACC,GAAG,CAACF,GAAG,CAAC;EAClB;AACF,CAAC;AACDzB,OAAO,CAAC4B,cAAc,GAAG,OAAO1B,GAAG,EAAEC,GAAG,KAAK;EAC3C,IAAI;IACF,MAAM0B,WAAW,GAAG,MAAMd,iBAAQ,CAACe,IAAI,EAAE;IACzC3B,GAAG,CAACoB,MAAM,CAAC,GAAG,CAAC,CAACX,IAAI,CAACiB,WAAW,CAAC;EACnC,CAAC,CAAC,OAAOJ,GAAG,EAAE;IACZC,OAAO,CAACC,GAAG,CAACF,GAAG,CAAC;EAClB;AACF,CAAC;AACDzB,OAAO,CAAC+B,UAAU,GAAG,OAAO7B,GAAG,EAAEC,GAAG,KAAK;EACvC,IAAI;IACF,IAAID,GAAG,CAACK,MAAM,CAACC,EAAE,CAACwB,MAAM,IAAI,EAAE,EAAE;MAC9B7B,GAAG,CAACS,IAAI,CAAC;QAAEC,OAAO,EAAE;MAAe,CAAC,CAAC;IACvC;IACA,MAAMW,OAAO,GAAG,MAAMT,iBAAQ,CAACkB,QAAQ,CAAC/B,GAAG,CAACK,MAAM,CAACC,EAAE,CAAC;IACtD,IAAI,CAACgB,OAAO,EAAE;MACZrB,GAAG,CAACoB,MAAM,CAAC,GAAG,CAAC,CAACX,IAAI,CAAC;QACnBW,MAAM,EAAE,mBAAmB;QAC3BV,OAAO,EAAE;MACX,CAAC,CAAC;IACJ,CAAC,MAAM;MACLV,GAAG,CAACoB,MAAM,CAAC,GAAG,CAAC,CAACX,IAAI,CAACY,OAAO,CAAC;IAC/B;EACF,CAAC,CAAC,OAAOC,GAAG,EAAE;IACZC,OAAO,CAACC,GAAG,CAACF,GAAG,CAAC;EAClB;AACF,CAAC;AACDzB,OAAO,CAACkC,aAAa,GAAG,OAAOhC,GAAG,EAAEC,GAAG,KAAK;EAC1C,IAAI;IACF,IAAID,GAAG,CAACK,MAAM,CAACC,EAAE,CAACwB,MAAM,IAAI,EAAE,EAAE;MAC9B7B,GAAG,CAACoB,MAAM,CAAC,GAAG,CAAC,CAACX,IAAI,CAAC;QACnBW,MAAM,EAAE,YAAY;QACpBV,OAAO,EAAE;MACX,CAAC,CAAC;IACJ;IACA,MAAMW,OAAO,GAAG,MAAMT,iBAAQ,CAACkB,QAAQ,CAAC/B,GAAG,CAACK,MAAM,CAACC,EAAE,CAAC;IACtD,IAAI,CAACgB,OAAO,EAAE;MACZrB,GAAG,CAACoB,MAAM,CAAC,GAAG,CAAC,CAACX,IAAI,CAAC;QACnBW,MAAM,EAAE,mBAAmB;QAC3BV,OAAO,EAAE;MACX,CAAC,CAAC;IACJ,CAAC,MAAM;MACLW,OAAO,CAACW,MAAM,EAAE;MAChBhC,GAAG,CAACoB,MAAM,CAAC,GAAG,CAAC,CAACX,IAAI,CAAC;QACnBW,MAAM,EAAE,SAAS;QACjBV,OAAO,EAAE,8BAA8B;QACvCW;MACF,CAAC,CAAC;IACJ;EACF,CAAC,CAAC,OAAOC,GAAG,EAAE;IACZC,OAAO,CAACC,GAAG,CAACF,GAAG,CAAC;EAClB;AACF,CAAC"},"_coverageSchema":"1a1c01bbd47fc00a2c39e90264f33305004495a9","hash":"338295b04537f430993e268acee395999f9ca76b","contentHash":"67752f5624cbd89e27109b4cb041466aef818773478da863e89891036dc14fcb"},"C:\\backend\\my-brand-backend\\src\\models\\comments.js":{"path":"C:\\backend\\my-brand-backend\\src\\models\\comments.js","statementMap":{"0":{"start":{"line":3,"column":0},"end":{"line":5,"column":3}},"1":{"start":{"line":6,"column":0},"end":{"line":6,"column":25}},"2":{"start":{"line":7,"column":16},"end":{"line":7,"column":59}},"3":{"start":{"line":8,"column":39},"end":{"line":8,"column":93}},"4":{"start":{"line":9,"column":15},"end":{"line":29,"column":2}},"5":{"start":{"line":30,"column":17},"end":{"line":30,"column":60}},"6":{"start":{"line":31,"column":15},"end":{"line":31,"column":23}},"7":{"start":{"line":32,"column":0},"end":{"line":32,"column":27}}},"fnMap":{"0":{"name":"_interopRequireDefault","decl":{"start":{"line":8,"column":9},"end":{"line":8,"column":31}},"loc":{"start":{"line":8,"column":37},"end":{"line":8,"column":95}},"line":8}},"branchMap":{"0":{"loc":{"start":{"line":8,"column":46},"end":{"line":8,"column":92}},"type":"cond-expr","locations":[{"start":{"line":8,"column":70},"end":{"line":8,"column":73}},{"start":{"line":8,"column":76},"end":{"line":8,"column":92}}],"line":8},"1":{"loc":{"start":{"line":8,"column":46},"end":{"line":8,"column":67}},"type":"binary-expr","locations":[{"start":{"line":8,"column":46},"end":{"line":8,"column":49}},{"start":{"line":8,"column":53},"end":{"line":8,"column":67}}],"line":8}},"s":{"0":1,"1":1,"2":1,"3":1,"4":1,"5":1,"6":1,"7":1},"f":{"0":1},"b":{"0":[0,1],"1":[1,1]},"inputSourceMap":{"version":3,"names":["schema","mongoose","Schema","commentContent","type","String","required","date","Date","default","blog","Types","ObjectId","ref","user","userName","comments","model"],"sourceRoot":"C:\\backend\\my-brand-backend\\src\\models\\","sources":["comments.js"],"sourcesContent":["import mongoose from 'mongoose';\n\nconst schema = mongoose.Schema({\n  commentContent: {\n    type: String,\n    required: true,\n  },\n  date: {\n    type: Date,\n    default: new Date(),\n  },\n  blog: {\n    type: mongoose.Schema.Types.ObjectId,\n    ref: 'blogs',\n  },\n  user: {\n    type: mongoose.Schema.Types.ObjectId,\n    ref: 'Users',\n  },\n  userName: {\n    type: String,\n  },\n});\nconst comments = mongoose.model('comments', schema);\nexport default comments;\n"],"mappings":";;;;;;AAAA;AAAgC;AAEhC,MAAMA,MAAM,GAAGC,iBAAQ,CAACC,MAAM,CAAC;EAC7BC,cAAc,EAAE;IACdC,IAAI,EAAEC,MAAM;IACZC,QAAQ,EAAE;EACZ,CAAC;EACDC,IAAI,EAAE;IACJH,IAAI,EAAEI,IAAI;IACVC,OAAO,EAAE,IAAID,IAAI;EACnB,CAAC;EACDE,IAAI,EAAE;IACJN,IAAI,EAAEH,iBAAQ,CAACC,MAAM,CAACS,KAAK,CAACC,QAAQ;IACpCC,GAAG,EAAE;EACP,CAAC;EACDC,IAAI,EAAE;IACJV,IAAI,EAAEH,iBAAQ,CAACC,MAAM,CAACS,KAAK,CAACC,QAAQ;IACpCC,GAAG,EAAE;EACP,CAAC;EACDE,QAAQ,EAAE;IACRX,IAAI,EAAEC;EACR;AACF,CAAC,CAAC;AACF,MAAMW,QAAQ,GAAGf,iBAAQ,CAACgB,KAAK,CAAC,UAAU,EAAEjB,MAAM,CAAC;AAAC,eACrCgB,QAAQ;AAAA"},"_coverageSchema":"1a1c01bbd47fc00a2c39e90264f33305004495a9","hash":"ce175410f7f80f2b3a4e8ea143c77c2e851267b1","contentHash":"80caf104479a5ad39b7b4954dbc887737742b82c6a40affdb1464c3292bd1b52"},"C:\\backend\\my-brand-backend\\src\\auth\\auth.js":{"path":"C:\\backend\\my-brand-backend\\src\\auth\\auth.js","statementMap":{"0":{"start":{"line":3,"column":0},"end":{"line":5,"column":3}},"1":{"start":{"line":6,"column":0},"end":{"line":6,"column":25}},"2":{"start":{"line":7,"column":20},"end":{"line":7,"column":67}},"3":{"start":{"line":8,"column":14},"end":{"line":8,"column":55}},"4":{"start":{"line":9,"column":39},"end":{"line":9,"column":93}},"5":{"start":{"line":12,"column":0},"end":{"line":12,"column":25}},"6":{"start":{"line":14,"column":23},"end":{"line":14,"column":48}},"7":{"start":{"line":15,"column":2},"end":{"line":34,"column":3}},"8":{"start":{"line":17,"column":4},"end":{"line":19,"column":7}},"9":{"start":{"line":25,"column":19},"end":{"line":25,"column":42}},"10":{"start":{"line":28,"column":8},"end":{"line":28,"column":19}},"11":{"start":{"line":29,"column":24},"end":{"line":29,"column":33}},"12":{"start":{"line":30,"column":17},"end":{"line":30,"column":76}},"13":{"start":{"line":31,"column":4},"end":{"line":31,"column":28}},"14":{"start":{"line":32,"column":4},"end":{"line":32,"column":20}},"15":{"start":{"line":33,"column":4},"end":{"line":33,"column":11}},"16":{"start":{"line":36,"column":15},"end":{"line":36,"column":26}},"17":{"start":{"line":37,"column":0},"end":{"line":37,"column":27}}},"fnMap":{"0":{"name":"_interopRequireDefault","decl":{"start":{"line":9,"column":9},"end":{"line":9,"column":31}},"loc":{"start":{"line":9,"column":37},"end":{"line":9,"column":95}},"line":9},"1":{"name":"verifyToken","decl":{"start":{"line":13,"column":15},"end":{"line":13,"column":26}},"loc":{"start":{"line":13,"column":43},"end":{"line":35,"column":1}},"line":13}},"branchMap":{"0":{"loc":{"start":{"line":9,"column":46},"end":{"line":9,"column":92}},"type":"cond-expr","locations":[{"start":{"line":9,"column":70},"end":{"line":9,"column":73}},{"start":{"line":9,"column":76},"end":{"line":9,"column":92}}],"line":9},"1":{"loc":{"start":{"line":9,"column":46},"end":{"line":9,"column":67}},"type":"binary-expr","locations":[{"start":{"line":9,"column":46},"end":{"line":9,"column":49}},{"start":{"line":9,"column":53},"end":{"line":9,"column":67}}],"line":9},"2":{"loc":{"start":{"line":15,"column":2},"end":{"line":34,"column":3}},"type":"if","locations":[{"start":{"line":15,"column":2},"end":{"line":34,"column":3}},{"start":{"line":15,"column":2},"end":{"line":34,"column":3}}],"line":15}},"s":{"0":1,"1":1,"2":1,"3":1,"4":2,"5":1,"6":0,"7":0,"8":0,"9":0,"10":0,"11":0,"12":0,"13":0,"14":0,"15":0,"16":1,"17":1},"f":{"0":2,"1":0},"b":{"0":[0,2],"1":[2,2],"2":[0,0]},"inputSourceMap":{"version":3,"names":["dotenv","config","verifyToken","req","res","next","bearerHeader","headers","authorization","status","json","message","bearer","split","SECRET_KEY","process","env","bearerToken","user","jwt","verify","token"],"sourceRoot":"C:\\backend\\my-brand-backend\\src\\auth\\","sources":["auth.js"],"sourcesContent":["// Verify Token\nimport jwt from 'jsonwebtoken';\nimport dotenv from 'dotenv';\n\ndotenv.config();\nasync function verifyToken(req, res, next) {\n  const bearerHeader = req.headers.authorization;\n  if (typeof bearerHeader === 'undefined') {\n    // Forbidden\n    return res.status(403).json({ message: 'Access dineid' });\n  }\n  // if (!user.token) {\n  //   return res.status(403).json({ message: 'Access dineid' });\n  // } \n  else {\n    const bearer = bearerHeader.split(' ');\n    const { SECRET_KEY } = process.env;\n    const bearerToken = bearer[1];\n    const user = await jwt.verify(bearerToken, SECRET_KEY);\n    req.token = bearerToken;\n    req.user = user;\n    next();\n  }\n}\nexport default verifyToken;\n"],"mappings":";;;;;;AACA;AACA;AAA4B;AAF5B;;AAIAA,eAAM,CAACC,MAAM,EAAE;AACf,eAAeC,WAAW,CAACC,GAAG,EAAEC,GAAG,EAAEC,IAAI,EAAE;EACzC,MAAMC,YAAY,GAAGH,GAAG,CAACI,OAAO,CAACC,aAAa;EAC9C,IAAI,OAAOF,YAAY,KAAK,WAAW,EAAE;IACvC;IACA,OAAOF,GAAG,CAACK,MAAM,CAAC,GAAG,CAAC,CAACC,IAAI,CAAC;MAAEC,OAAO,EAAE;IAAgB,CAAC,CAAC;EAC3D;EACA;EACA;EACA;EAAA,KACK;IACH,MAAMC,MAAM,GAAGN,YAAY,CAACO,KAAK,CAAC,GAAG,CAAC;IACtC,MAAM;MAAEC;IAAW,CAAC,GAAGC,OAAO,CAACC,GAAG;IAClC,MAAMC,WAAW,GAAGL,MAAM,CAAC,CAAC,CAAC;IAC7B,MAAMM,IAAI,GAAG,MAAMC,qBAAG,CAACC,MAAM,CAACH,WAAW,EAAEH,UAAU,CAAC;IACtDX,GAAG,CAACkB,KAAK,GAAGJ,WAAW;IACvBd,GAAG,CAACe,IAAI,GAAGA,IAAI;IACfb,IAAI,EAAE;EACR;AACF;AAAC,eACcH,WAAW;AAAA"},"_coverageSchema":"1a1c01bbd47fc00a2c39e90264f33305004495a9","hash":"9ebdcf006fe5c5647a2040dcd1165ddbb071d9ef","contentHash":"39e1370456a25f99cd262d54cf87fdb0f765280e3c2ef9aab5e74747ff31b827"},"C:\\backend\\my-brand-backend\\src\\routes\\signupRoutes.js":{"path":"C:\\backend\\my-brand-backend\\src\\routes\\signupRoutes.js","statementMap":{"0":{"start":{"line":3,"column":0},"end":{"line":5,"column":3}},"1":{"start":{"line":6,"column":0},"end":{"line":6,"column":25}},"2":{"start":{"line":7,"column":15},"end":{"line":7,"column":57}},"3":{"start":{"line":8,"column":12},"end":{"line":8,"column":59}},"4":{"start":{"line":9,"column":24},"end":{"line":9,"column":90}},"5":{"start":{"line":10,"column":39},"end":{"line":10,"column":93}},"6":{"start":{"line":13,"column":15},"end":{"line":13,"column":40}},"7":{"start":{"line":14,"column":0},"end":{"line":14,"column":64}},"8":{"start":{"line":15,"column":0},"end":{"line":15,"column":66}},"9":{"start":{"line":16,"column":0},"end":{"line":16,"column":65}},"10":{"start":{"line":17,"column":0},"end":{"line":17,"column":85}},"11":{"start":{"line":18,"column":0},"end":{"line":18,"column":92}},"12":{"start":{"line":19,"column":15},"end":{"line":19,"column":21}},"13":{"start":{"line":20,"column":0},"end":{"line":20,"column":27}}},"fnMap":{"0":{"name":"_interopRequireDefault","decl":{"start":{"line":10,"column":9},"end":{"line":10,"column":31}},"loc":{"start":{"line":10,"column":37},"end":{"line":10,"column":95}},"line":10}},"branchMap":{"0":{"loc":{"start":{"line":10,"column":46},"end":{"line":10,"column":92}},"type":"cond-expr","locations":[{"start":{"line":10,"column":70},"end":{"line":10,"column":73}},{"start":{"line":10,"column":76},"end":{"line":10,"column":92}}],"line":10},"1":{"loc":{"start":{"line":10,"column":46},"end":{"line":10,"column":67}},"type":"binary-expr","locations":[{"start":{"line":10,"column":46},"end":{"line":10,"column":49}},{"start":{"line":10,"column":53},"end":{"line":10,"column":67}}],"line":10}},"s":{"0":1,"1":1,"2":1,"3":1,"4":1,"5":3,"6":1,"7":1,"8":1,"9":1,"10":1,"11":1,"12":1,"13":1},"f":{"0":3},"b":{"0":[1,2],"1":[3,3]},"inputSourceMap":{"version":3,"names":["router","express","Router","route","get","signupControllers","getAllUsers","post","postUser","getUser","put","verifyToken","editUser","delete","deleteUser"],"sourceRoot":"C:\\backend\\my-brand-backend\\src\\routes\\","sources":["signupRoutes.js"],"sourcesContent":["import express from 'express';\nimport verifyToken from '../auth/auth';\nimport signupControllers from '../controllers/signupController';\n// import verifyToken from '../auth/auth'\n\nconst router = express.Router();\n\nrouter.route('/all').get(signupControllers.getAllUsers);\nrouter.route('/newUser').post(signupControllers.postUser);\nrouter.route('/user/:id').get(signupControllers.getUser);\nrouter.route('/editUser/:id').put(verifyToken, signupControllers.editUser);\nrouter\n  .route('/deleteUser/:id')\n  .delete(verifyToken, signupControllers.deleteUser);\nexport default router;\n"],"mappings":";;;;;;AAAA;AACA;AACA;AAAgE;AAChE;;AAEA,MAAMA,MAAM,GAAGC,gBAAO,CAACC,MAAM,EAAE;AAE/BF,MAAM,CAACG,KAAK,CAAC,MAAM,CAAC,CAACC,GAAG,CAACC,yBAAiB,CAACC,WAAW,CAAC;AACvDN,MAAM,CAACG,KAAK,CAAC,UAAU,CAAC,CAACI,IAAI,CAACF,yBAAiB,CAACG,QAAQ,CAAC;AACzDR,MAAM,CAACG,KAAK,CAAC,WAAW,CAAC,CAACC,GAAG,CAACC,yBAAiB,CAACI,OAAO,CAAC;AACxDT,MAAM,CAACG,KAAK,CAAC,eAAe,CAAC,CAACO,GAAG,CAACC,aAAW,EAAEN,yBAAiB,CAACO,QAAQ,CAAC;AAC1EZ,MAAM,CACHG,KAAK,CAAC,iBAAiB,CAAC,CACxBU,MAAM,CAACF,aAAW,EAAEN,yBAAiB,CAACS,UAAU,CAAC;AAAC,eACtCd,MAAM;AAAA"},"_coverageSchema":"1a1c01bbd47fc00a2c39e90264f33305004495a9","hash":"146b747440be731c3569ab6da09ad49942c11f19","contentHash":"45acb695d515ca6151c2db8b17bed7e11a76717f253f06ebba8191e89a49c4a7"},"C:\\backend\\my-brand-backend\\src\\controllers\\signupController.js":{"path":"C:\\backend\\my-brand-backend\\src\\controllers\\signupController.js","statementMap":{"0":{"start":{"line":3,"column":14},"end":{"line":3,"column":55}},"1":{"start":{"line":4,"column":20},"end":{"line":4,"column":67}},"2":{"start":{"line":5,"column":14},"end":{"line":5,"column":65}},"3":{"start":{"line":6,"column":39},"end":{"line":6,"column":93}},"4":{"start":{"line":7,"column":0},"end":{"line":7,"column":27}},"5":{"start":{"line":8,"column":0},"end":{"line":40,"column":2}},"6":{"start":{"line":9,"column":2},"end":{"line":39,"column":3}},"7":{"start":{"line":14,"column":8},"end":{"line":14,"column":16}},"8":{"start":{"line":15,"column":4},"end":{"line":19,"column":5}},"9":{"start":{"line":16,"column":6},"end":{"line":18,"column":9}},"10":{"start":{"line":20,"column":17},"end":{"line":22,"column":6}},"11":{"start":{"line":23,"column":4},"end":{"line":25,"column":7}},"12":{"start":{"line":23,"column":14},"end":{"line":25,"column":7}},"13":{"start":{"line":26,"column":17},"end":{"line":26,"column":48}},"14":{"start":{"line":27,"column":4},"end":{"line":27,"column":58}},"15":{"start":{"line":28,"column":20},"end":{"line":32,"column":6}},"16":{"start":{"line":33,"column":4},"end":{"line":36,"column":7}},"17":{"start":{"line":38,"column":4},"end":{"line":38,"column":32}},"18":{"start":{"line":41,"column":0},"end":{"line":48,"column":2}},"19":{"start":{"line":42,"column":2},"end":{"line":47,"column":3}},"20":{"start":{"line":43,"column":21},"end":{"line":43,"column":49}},"21":{"start":{"line":44,"column":4},"end":{"line":44,"column":23}},"22":{"start":{"line":46,"column":4},"end":{"line":46,"column":21}},"23":{"start":{"line":49,"column":0},"end":{"line":69,"column":2}},"24":{"start":{"line":50,"column":2},"end":{"line":68,"column":3}},"25":{"start":{"line":51,"column":4},"end":{"line":55,"column":5}},"26":{"start":{"line":52,"column":6},"end":{"line":54,"column":9}},"27":{"start":{"line":56,"column":17},"end":{"line":56,"column":62}},"28":{"start":{"line":57,"column":4},"end":{"line":61,"column":5}},"29":{"start":{"line":58,"column":6},"end":{"line":60,"column":9}},"30":{"start":{"line":62,"column":4},"end":{"line":65,"column":7}},"31":{"start":{"line":67,"column":4},"end":{"line":67,"column":21}},"32":{"start":{"line":70,"column":0},"end":{"line":112,"column":2}},"33":{"start":{"line":71,"column":2},"end":{"line":111,"column":3}},"34":{"start":{"line":72,"column":4},"end":{"line":76,"column":5}},"35":{"start":{"line":73,"column":6},"end":{"line":75,"column":9}},"36":{"start":{"line":77,"column":17},"end":{"line":77,"column":62}},"37":{"start":{"line":78,"column":4},"end":{"line":82,"column":5}},"38":{"start":{"line":79,"column":6},"end":{"line":81,"column":9}},"39":{"start":{"line":85,"column":4},"end":{"line":85,"column":36}},"40":{"start":{"line":85,"column":18},"end":{"line":85,"column":36}},"41":{"start":{"line":86,"column":4},"end":{"line":103,"column":5}},"42":{"start":{"line":89,"column":10},"end":{"line":89,"column":18}},"43":{"start":{"line":90,"column":19},"end":{"line":90,"column":50}},"44":{"start":{"line":91,"column":6},"end":{"line":91,"column":69}},"45":{"start":{"line":92,"column":6},"end":{"line":96,"column":8}},"46":{"start":{"line":98,"column":6},"end":{"line":102,"column":8}},"47":{"start":{"line":104,"column":23},"end":{"line":106,"column":6}},"48":{"start":{"line":107,"column":4},"end":{"line":107,"column":22}},"49":{"start":{"line":108,"column":4},"end":{"line":108,"column":25}},"50":{"start":{"line":110,"column":4},"end":{"line":110,"column":21}},"51":{"start":{"line":113,"column":0},"end":{"line":134,"column":2}},"52":{"start":{"line":114,"column":2},"end":{"line":133,"column":3}},"53":{"start":{"line":115,"column":4},"end":{"line":119,"column":5}},"54":{"start":{"line":116,"column":6},"end":{"line":118,"column":9}},"55":{"start":{"line":120,"column":17},"end":{"line":120,"column":62}},"56":{"start":{"line":121,"column":4},"end":{"line":130,"column":5}},"57":{"start":{"line":122,"column":6},"end":{"line":124,"column":9}},"58":{"start":{"line":126,"column":6},"end":{"line":126,"column":26}},"59":{"start":{"line":127,"column":6},"end":{"line":129,"column":9}},"60":{"start":{"line":132,"column":4},"end":{"line":132,"column":21}},"61":{"start":{"line":135,"column":0},"end":{"line":173,"column":2}},"62":{"start":{"line":136,"column":2},"end":{"line":172,"column":3}},"63":{"start":{"line":140,"column":8},"end":{"line":140,"column":16}},"64":{"start":{"line":141,"column":17},"end":{"line":143,"column":6}},"65":{"start":{"line":144,"column":4},"end":{"line":148,"column":5}},"66":{"start":{"line":145,"column":6},"end":{"line":147,"column":9}},"67":{"start":{"line":149,"column":26},"end":{"line":149,"column":80}},"68":{"start":{"line":150,"column":4},"end":{"line":154,"column":5}},"69":{"start":{"line":151,"column":6},"end":{"line":153,"column":9}},"70":{"start":{"line":157,"column":8},"end":{"line":157,"column":19}},"71":{"start":{"line":158,"column":4},"end":{"line":169,"column":7}},"72":{"start":{"line":161,"column":6},"end":{"line":161,"column":24}},"73":{"start":{"line":162,"column":6},"end":{"line":162,"column":22}},"74":{"start":{"line":163,"column":6},"end":{"line":163,"column":25}},"75":{"start":{"line":164,"column":6},"end":{"line":168,"column":9}},"76":{"start":{"line":171,"column":4},"end":{"line":171,"column":18}},"77":{"start":{"line":174,"column":0},"end":{"line":184,"column":2}},"78":{"start":{"line":175,"column":2},"end":{"line":183,"column":3}},"79":{"start":{"line":176,"column":4},"end":{"line":176,"column":27}},"80":{"start":{"line":177,"column":4},"end":{"line":179,"column":7}},"81":{"start":{"line":180,"column":4},"end":{"line":180,"column":27}},"82":{"start":{"line":182,"column":4},"end":{"line":182,"column":23}}},"fnMap":{"0":{"name":"_interopRequireDefault","decl":{"start":{"line":6,"column":9},"end":{"line":6,"column":31}},"loc":{"start":{"line":6,"column":37},"end":{"line":6,"column":95}},"line":6},"1":{"name":"(anonymous_1)","decl":{"start":{"line":8,"column":19},"end":{"line":8,"column":20}},"loc":{"start":{"line":8,"column":39},"end":{"line":40,"column":1}},"line":8},"2":{"name":"(anonymous_2)","decl":{"start":{"line":41,"column":22},"end":{"line":41,"column":23}},"loc":{"start":{"line":41,"column":42},"end":{"line":48,"column":1}},"line":41},"3":{"name":"(anonymous_3)","decl":{"start":{"line":49,"column":18},"end":{"line":49,"column":19}},"loc":{"start":{"line":49,"column":38},"end":{"line":69,"column":1}},"line":49},"4":{"name":"(anonymous_4)","decl":{"start":{"line":70,"column":19},"end":{"line":70,"column":20}},"loc":{"start":{"line":70,"column":39},"end":{"line":112,"column":1}},"line":70},"5":{"name":"(anonymous_5)","decl":{"start":{"line":113,"column":21},"end":{"line":113,"column":22}},"loc":{"start":{"line":113,"column":41},"end":{"line":134,"column":1}},"line":113},"6":{"name":"(anonymous_6)","decl":{"start":{"line":135,"column":16},"end":{"line":135,"column":17}},"loc":{"start":{"line":135,"column":36},"end":{"line":173,"column":1}},"line":135},"7":{"name":"(anonymous_7)","decl":{"start":{"line":160,"column":19},"end":{"line":160,"column":20}},"loc":{"start":{"line":160,"column":35},"end":{"line":169,"column":5}},"line":160},"8":{"name":"(anonymous_8)","decl":{"start":{"line":174,"column":17},"end":{"line":174,"column":18}},"loc":{"start":{"line":174,"column":37},"end":{"line":184,"column":1}},"line":174}},"branchMap":{"0":{"loc":{"start":{"line":6,"column":46},"end":{"line":6,"column":92}},"type":"cond-expr","locations":[{"start":{"line":6,"column":70},"end":{"line":6,"column":73}},{"start":{"line":6,"column":76},"end":{"line":6,"column":92}}],"line":6},"1":{"loc":{"start":{"line":6,"column":46},"end":{"line":6,"column":67}},"type":"binary-expr","locations":[{"start":{"line":6,"column":46},"end":{"line":6,"column":49}},{"start":{"line":6,"column":53},"end":{"line":6,"column":67}}],"line":6},"2":{"loc":{"start":{"line":15,"column":4},"end":{"line":19,"column":5}},"type":"if","locations":[{"start":{"line":15,"column":4},"end":{"line":19,"column":5}},{"start":{"line":15,"column":4},"end":{"line":19,"column":5}}],"line":15},"3":{"loc":{"start":{"line":15,"column":8},"end":{"line":15,"column":36}},"type":"binary-expr","locations":[{"start":{"line":15,"column":8},"end":{"line":15,"column":13}},{"start":{"line":15,"column":17},"end":{"line":15,"column":23}},{"start":{"line":15,"column":27},"end":{"line":15,"column":36}}],"line":15},"4":{"loc":{"start":{"line":23,"column":4},"end":{"line":25,"column":7}},"type":"if","locations":[{"start":{"line":23,"column":4},"end":{"line":25,"column":7}},{"start":{"line":23,"column":4},"end":{"line":25,"column":7}}],"line":23},"5":{"loc":{"start":{"line":51,"column":4},"end":{"line":55,"column":5}},"type":"if","locations":[{"start":{"line":51,"column":4},"end":{"line":55,"column":5}},{"start":{"line":51,"column":4},"end":{"line":55,"column":5}}],"line":51},"6":{"loc":{"start":{"line":57,"column":4},"end":{"line":61,"column":5}},"type":"if","locations":[{"start":{"line":57,"column":4},"end":{"line":61,"column":5}},{"start":{"line":57,"column":4},"end":{"line":61,"column":5}}],"line":57},"7":{"loc":{"start":{"line":72,"column":4},"end":{"line":76,"column":5}},"type":"if","locations":[{"start":{"line":72,"column":4},"end":{"line":76,"column":5}},{"start":{"line":72,"column":4},"end":{"line":76,"column":5}}],"line":72},"8":{"loc":{"start":{"line":78,"column":4},"end":{"line":82,"column":5}},"type":"if","locations":[{"start":{"line":78,"column":4},"end":{"line":82,"column":5}},{"start":{"line":78,"column":4},"end":{"line":82,"column":5}}],"line":78},"9":{"loc":{"start":{"line":85,"column":4},"end":{"line":85,"column":36}},"type":"if","locations":[{"start":{"line":85,"column":4},"end":{"line":85,"column":36}},{"start":{"line":85,"column":4},"end":{"line":85,"column":36}}],"line":85},"10":{"loc":{"start":{"line":86,"column":4},"end":{"line":103,"column":5}},"type":"if","locations":[{"start":{"line":86,"column":4},"end":{"line":103,"column":5}},{"start":{"line":86,"column":4},"end":{"line":103,"column":5}}],"line":86},"11":{"loc":{"start":{"line":93,"column":14},"end":{"line":93,"column":39}},"type":"binary-expr","locations":[{"start":{"line":93,"column":14},"end":{"line":93,"column":26}},{"start":{"line":93,"column":30},"end":{"line":93,"column":39}}],"line":93},"12":{"loc":{"start":{"line":95,"column":15},"end":{"line":95,"column":42}},"type":"binary-expr","locations":[{"start":{"line":95,"column":15},"end":{"line":95,"column":28}},{"start":{"line":95,"column":32},"end":{"line":95,"column":42}}],"line":95},"13":{"loc":{"start":{"line":99,"column":14},"end":{"line":99,"column":39}},"type":"binary-expr","locations":[{"start":{"line":99,"column":14},"end":{"line":99,"column":26}},{"start":{"line":99,"column":30},"end":{"line":99,"column":39}}],"line":99},"14":{"loc":{"start":{"line":101,"column":15},"end":{"line":101,"column":42}},"type":"binary-expr","locations":[{"start":{"line":101,"column":15},"end":{"line":101,"column":28}},{"start":{"line":101,"column":32},"end":{"line":101,"column":42}}],"line":101},"15":{"loc":{"start":{"line":115,"column":4},"end":{"line":119,"column":5}},"type":"if","locations":[{"start":{"line":115,"column":4},"end":{"line":119,"column":5}},{"start":{"line":115,"column":4},"end":{"line":119,"column":5}}],"line":115},"16":{"loc":{"start":{"line":121,"column":4},"end":{"line":130,"column":5}},"type":"if","locations":[{"start":{"line":121,"column":4},"end":{"line":130,"column":5}},{"start":{"line":121,"column":4},"end":{"line":130,"column":5}}],"line":121},"17":{"loc":{"start":{"line":144,"column":4},"end":{"line":148,"column":5}},"type":"if","locations":[{"start":{"line":144,"column":4},"end":{"line":148,"column":5}},{"start":{"line":144,"column":4},"end":{"line":148,"column":5}}],"line":144},"18":{"loc":{"start":{"line":150,"column":4},"end":{"line":154,"column":5}},"type":"if","locations":[{"start":{"line":150,"column":4},"end":{"line":154,"column":5}},{"start":{"line":150,"column":4},"end":{"line":154,"column":5}}],"line":150}},"s":{"0":1,"1":1,"2":1,"3":3,"4":1,"5":1,"6":0,"7":0,"8":0,"9":0,"10":0,"11":0,"12":0,"13":0,"14":0,"15":0,"16":0,"17":0,"18":1,"19":1,"20":1,"21":1,"22":0,"23":1,"24":0,"25":0,"26":0,"27":0,"28":0,"29":0,"30":0,"31":0,"32":1,"33":0,"34":0,"35":0,"36":0,"37":0,"38":0,"39":0,"40":0,"41":0,"42":0,"43":0,"44":0,"45":0,"46":0,"47":0,"48":0,"49":0,"50":0,"51":1,"52":0,"53":0,"54":0,"55":0,"56":0,"57":0,"58":0,"59":0,"60":0,"61":1,"62":0,"63":0,"64":0,"65":0,"66":0,"67":0,"68":0,"69":0,"70":0,"71":0,"72":0,"73":0,"74":0,"75":0,"76":0,"77":1,"78":0,"79":0,"80":0,"81":0,"82":0},"f":{"0":3,"1":0,"2":1,"3":0,"4":0,"5":0,"6":0,"7":0,"8":0},"b":{"0":[1,2],"1":[3,3],"2":[0,0],"3":[0,0,0],"4":[0,0],"5":[0,0],"6":[0,0],"7":[0,0],"8":[0,0],"9":[0,0],"10":[0,0],"11":[0,0],"12":[0,0],"13":[0,0],"14":[0,0],"15":[0,0],"16":[0,0],"17":[0,0],"18":[0,0]},"inputSourceMap":{"version":3,"names":["require","config","exports","postUser","req","res","name","email","password","body","status","json","message","user","signUp","findOne","salt","bcrypt","genSalt","hash","newuser","create","error","send","getAllUsers","allUsers","find","err","console","log","getUser","params","id","length","findById","editUser","result","data","updateUser","findByIdAndUpdate","new","save","deleteUser","remove","login","checkPassword","compare","SECRET_KEY","process","env","jwt","sign","token","logout","undefined"],"sourceRoot":"C:\\backend\\my-brand-backend\\src\\controllers\\","sources":["signupController.js"],"sourcesContent":["import bcrypt from 'bcrypt';\nimport jwt from 'jsonwebtoken';\nimport signUp from '../models/signUp';\n\nrequire('dotenv').config();\n\nexports.postUser = async (req, res) => {\n  try {\n    let { name, email, password } = req.body;\n    if (!name || !email || !password) {\n      res.status(400).json({ message: 'All field are required' });\n    }\n    const user = await signUp.findOne({ email });\n    if (user) return res.status(403).json({ message: 'access dineid' });\n    const salt = await bcrypt.genSalt();\n    password = await bcrypt.hash(password, salt);\n    const newuser = await signUp.create({\n      name,\n      email,\n      password,\n    });\n    res.status(201).json({\n      status: 'success',\n      message: 'new user created successfully',\n    });\n  } catch (error) {\n    res.status(400).send(error);\n  }\n};\nexports.getAllUsers = async (req, res) => {\n  try {\n    const allUsers = await signUp.find();\n    res.json(allUsers);\n  } catch (err) {\n    console.log(err);\n  }\n};\nexports.getUser = async (req, res) => {\n  try {\n    if (req.params.id.length != 24) {\n      res.json({ message: 'incorrect id' });\n    }\n    const user = await signUp.findById(req.params.id);\n    if (!user) {\n      res.json({ message: \"the user doesn't exist\" });\n    }\n    res.status(200).json({\n      status: 'success',\n      user,\n    });\n  } catch (err) {\n    console.log(err);\n  }\n};\nexports.editUser = async (req, res) => {\n  try {\n    if (req.params.id.length != 24) {\n      res.json({ message: 'incorrect id' });\n    }\n    const user = await signUp.findById(req.params.id);\n    if (!user) {\n      res.json({ message: \"the user doesn't exist\" });\n    }\n\n    let result;\n    let data;\n    if (req.body) result = req.body;\n    if (req.body.password) {\n      let { password } = req.body;\n      const salt = await bcrypt.genSalt();\n      password = await bcrypt.hash(req.body.password, salt);\n      data = {\n        name: result?.name || user.name,\n        password,\n        email: result?.email || user.email,\n      };\n    } else {\n      data = {\n        name: result?.name || user.name,\n        password: user.password,\n        email: result?.email || user.email,\n      };\n    }\n    const updateUser = await signUp.findByIdAndUpdate(req.params.id, data, {\n      new: true,\n    });\n    updateUser.save();\n    res.json(updateUser);\n  } catch (err) {\n    console.log(err);\n  }\n};\nexports.deleteUser = async (req, res) => {\n  try {\n    if (req.params.id.length != 24) {\n      res.json({ message: 'incorrect id' });\n    }\n    const user = await signUp.findById(req.params.id);\n    if (!user) {\n      res.json({ message: \"the user doesn't exist\" });\n    } else {\n      await user.remove();\n      res.status(200).json({ message: 'user deleted successfully' });\n    }\n  } catch (err) {\n    console.log(err);\n  }\n};\n\nexports.login = async (req, res) => {\n  try {\n    const { email, password } = req.body;\n    const user = await signUp.findOne({ email });\n    if (!user) {\n      return res.status(404).json({ message: 'unknown user' });\n    }\n    const checkPassword = await bcrypt.compare(password, user.password);\n    if (!checkPassword) {\n      return res.status(404).json({ mes
[...]
        description: 'Bad Request',\n          },\n          500: {\n            description: 'Internal Server Error',\n          },\n        },\n      },\n    },\n    '/deleteUser/{id}': {\n      delete: {\n        tags: ['Users'],\n        description: 'Delete blog article',\n        parameters: [\n          {\n            in: 'path',\n            name: 'id',\n            required: true,\n          },\n        ],\n        requestBody: {\n          content: {\n            'application/json': {\n              schema: {\n                $ref: '#/components/schemas/Blog',\n              },\n            },\n          },\n          required: true,\n        },\n        responses: {\n          200: {\n            description: 'successfully',\n          },\n          401: {\n            description: 'User Not Authorized',\n          },\n          404: {\n            description: \"Article doesn't exist!\",\n          },\n          500: {\n            description: 'Internal Server Error',\n          },\n        },\n      },\n    },\n    '/login': {\n      post: {\n        tags: ['Users'],\n        description: 'User login',\n        security: [],\n        parameters: [],\n        requestBody: {\n          content: {\n            'application/json': {\n              schema: {\n                $ref: '#/components/schemas/User',\n              },\n              example: {\n                email: 'mdash@gmail.com',\n                password: '1234567',\n              },\n            },\n          },\n          required: true,\n        },\n        responses: {\n          200: {\n            description: 'logged in successfully',\n          },\n          400: {\n            description: 'Invalid credation',\n          },\n          500: {\n            description: 'Internal Server Error',\n          },\n        },\n      },\n    },\n    '/register/all': {\n      get: {\n        tags: ['Users'],\n        description: 'list of all users',\n        responses: {\n          200: {\n            description: 'ok',\n            content: {\n              'application/json': {\n                schema: {\n                  type: 'object',\n                  example: {\n                    users: [],\n                  },\n                },\n              },\n            },\n          },\n        },\n      },\n    },\n    '/blog/all': {\n      get: {\n        tags: ['Blog'],\n        description: 'Get All Blog Articles',\n        parameters: [],\n        security: [],\n        responses: {\n          200: {\n            description: 'successfully',\n          },\n          500: {\n            description: 'Internal Server Error',\n          },\n        },\n      },\n    },\n    '/blog/single/{id}': {\n      get: {\n        security: [],\n        tags: ['Blog'],\n        description: 'Get single blog by id',\n        parameters: [\n          {\n            in: 'path',\n            name: 'id',\n            required: true,\n          },\n        ],\n        responses: {\n          200: {\n            description: 'successfully',\n          },\n          500: {\n            description: 'Internal Server Error',\n          },\n        },\n      },\n    },\n    '/blog/newBlog': {\n      post: {\n        tags: ['Blog'],\n        description: 'Create new blog',\n        parameters: [\n          {\n            in: 'formData',\n            name: 'title',\n            description: 'Article title',\n            required: true,\n          },\n          {\n            in: 'formData',\n            name: 'shortDescription',\n            description: 'Article content',\n            required: true,\n          },\n          {\n            in: 'formData',\n            name: 'fullDescription',\n            description: 'Article content',\n            required: true,\n          },\n          {\n            in: 'form',\n            name: 'photo',\n            scheme: {\n              type: 'string',\n              description: 'Article image url',\n              format: 'binary',\n            },\n            required: true,\n          },\n        ],\n        requestBody: {\n          content: {\n            'multipart/form-data': {\n              schema: {\n                $ref: '#/components/schemas/Blog',\n              },\n            },\n          },\n          required: true,\n        },\n        responses: {\n          200: {\n            description: 'successfully',\n          },\n          401: {\n            description: 'User Not Authorized',\n          },\n          500: {\n            description: 'Internal Server Error',\n          },\n        },\n      },\n    },\n    '/blog/update/{id}': {\n      put: {\n        tags: ['Blog'],\n        description: 'Update blog',\n        parameters: [\n          {\n            in: 'path',\n            name: 'id',\n            required: true,\n          },\n        ],\n        requestBody: {\n          content: {\n            'application/json': {\n              schema: {\n                $ref: '#/components/schemas/Blog',\n              },\n              example: {\n                title: 'testing blog article title update',\n                shortDescription: 'testing blog article content update',\n                fullDescription:\n                  'testing blog article content updatewedfghj......',\n              },\n            },\n          },\n          required: true,\n        },\n        responses: {\n          200: {\n            description: 'successfully',\n          },\n          401: {\n            description: 'User Not Authorized',\n          },\n          404: {\n            description: \"Article doesn't exist!\",\n          },\n          500: {\n            description: 'Internal Server Error',\n          },\n        },\n      },\n    },\n    '/blog/delete/{id}': {\n      delete: {\n        tags: ['Blog'],\n        description: 'Delete blog article',\n        parameters: [\n          {\n            in: 'path',\n            name: 'id',\n            required: true,\n          },\n        ],\n        requestBody: {\n          content: {\n            'application/json': {\n              schema: {\n                $ref: '#/components/schemas/Blog',\n              },\n            },\n          },\n          required: true,\n        },\n        responses: {\n          200: {\n            description: 'successfully',\n          },\n          401: {\n            description: 'User Not Authorized',\n          },\n          404: {\n            description: \"Article doesn't exist!\",\n          },\n          500: {\n            description: 'Internal Server Error',\n          },\n        },\n      },\n    },\n    '/blog/{id}/newcomment': {\n      post: {\n        tags: ['Blog'],\n        description: 'Comment on blog article',\n        parameters: [],\n        requestBody: {\n          content: {\n            'application/json': {\n              schema: {\n                $ref: '#/components/schemas/Blog',\n              },\n              example: {\n                commentContent: 'improve your content',\n              },\n            },\n          },\n          required: true,\n        },\n        responses: {\n          200: {\n            description: 'successfully',\n          },\n          401: {\n            description: 'Not Authorized',\n          },\n          404: {\n            description: \"Article doesn't exist!\",\n          },\n          500: {\n            description: 'Internal Server Error',\n          },\n        },\n      },\n    },\n\n    '/message/newMessage': {\n      post: {\n        tags: ['Message'],\n        security: [],\n        description: 'Sending message',\n        parameters: [],\n        requestBody: {\n          content: {\n            'application/json': {\n              schema: {\n                $ref: '#/components/schemas/Message',\n              },\n              example: {\n                firstName: 'John',\n                secondName: 'Uwumuremyi',\n                senderEmail: 'john@gmail.com',\n                messages: 'testing message',\n              },\n            },\n          },\n          required: true,\n        },\n        responses: {\n          200: {\n            description: 'successfully',\n          },\n          500: {\n            description: 'Internal Server Error',\n          },\n        },\n      },\n    },\n    '/message/all': {\n      get: {\n        tags: ['Message'],\n        description: 'Getting all messages',\n        parameters: [],\n        responses: {\n          200: {\n            description: 'successfully',\n          },\n          401: {\n            description: 'Not Authorized',\n          },\n          500: {\n            description: 'Internal Server Error',\n          },\n        },\n      },\n    },\n    '/message/single/{id}': {\n      get: {\n        security: [],\n        tags: ['Message'],\n        description: 'Get single message by id',\n        parameters: [\n          {\n            in: 'path',\n            name: 'id',\n            required: true,\n          },\n        ],\n        responses: {\n          200: {\n            description: 'successfully',\n          },\n          500: {\n            description: 'Internal Server Error',\n          },\n        },\n      },\n    },\n\n    '/message/deleteMessage/{id}': {\n      delete: {\n        security: [],\n        tags: ['Message'],\n        description: 'delete single blog by id',\n        parameters: [\n          {\n            in: 'path',\n            name: 'id',\n            required: true,\n          },\n        ],\n        responses: {\n          200: {\n            description: 'successfully',\n          },\n          500: {\n            description: 'Internal Server Error',\n          },\n        },\n      },\n    },\n  },\n  components: {\n    schemas: {\n      User: {\n        type: 'object',\n\n        properties: {\n          id: {\n            type: 'string',\n            description: 'The auto-generated id of the user',\n          },\n          username: {\n            type: 'string',\n            description: \"User's names\",\n          },\n          password: {\n            type: 'string',\n            description: \"User's password\",\n          },\n          email: {\n            type: 'string',\n            description: \"User's email\",\n          },\n          role: {\n            type: 'string',\n            description: 'User role',\n          },\n        },\n      },\n      Blog: {\n        type: 'object',\n\n        properties: {\n          title: {\n            type: 'string',\n            description: 'Article title',\n          },\n          shortDescription: {\n            type: 'string',\n            description: 'Article content',\n          },\n          fullDescription: {\n            type: 'string',\n            description: 'Article content',\n          },\n          photo: {\n            type: 'string',\n            description: 'Article image url',\n            format: 'binary',\n          },\n        },\n      },\n      Message: {\n        type: 'object',\n\n        properties: {\n          id: {\n            type: 'string',\n            description: 'The auto-generated id of the message',\n          },\n          senderName: {\n            type: 'string',\n            description: 'sender name',\n          },\n          senderEmail: {\n            type: 'string',\n            description: 'sender email',\n          },\n          messages: {\n            type: 'string',\n            description: 'message content',\n          },\n        },\n      },\n    },\n\n    securitySchemes: {\n      bearerAuth: {\n        type: 'http',\n        scheme: 'bearer',\n        bearerFormat: 'JWT',\n      },\n    },\n  },\n};\n\ndocrouter.use('/', serve, setup(options));\n\n// export default docrouter;\n"],"mappings":";;;;;;AAAA;AACA;AAEO,MAAMA,SAAS,GAAG,IAAAC,eAAM,GAAE;AAAC;AAElC,MAAMC,OAAO,GAAG;EACdC,OAAO,EAAE,OAAO;EAChBC,IAAI,EAAE;IACJC,KAAK,EAAE,UAAU;IACjBC,OAAO,EAAE,OAAO;IAChBC,WAAW,EACT;EACJ,CAAC;EACDC,IAAI,EAAE,uBAAuB;EAC7BC,QAAQ,EAAE,CACR;IACEC,UAAU,EAAE;EACd,CAAC,CACF;EACDC,IAAI,EAAE,CACJ;IAAEC,IAAI,EAAE,OAAO;IAAEL,WAAW,EAAE;EAAQ,CAAC,EACvC;IAAEK,IAAI,EAAE,MAAM;IAAEL,WAAW,EAAE;EAAQ,CAAC,EACtC;IAAEK,IAAI,EAAE,SAAS;IAAEL,WAAW,EAAE;EAAW,CAAC,CAC7C;EACDM,KAAK,EAAE;IACL,mBAAmB,EAAE;MACnBC,IAAI,EAAE;QACJH,IAAI,EAAE,CAAC,OAAO,CAAC;QACfJ,WAAW,EAAE,oBAAoB;QACjCE,QAAQ,EAAE,EAAE;QACZM,UAAU,EAAE,EAAE;QACdC,WAAW,EAAE;UACXC,OAAO,EAAE;YACP,kBAAkB,EAAE;cAClBC,MAAM,EAAE;gBACNC,IAAI,EAAE;cACR,CAAC;cACDC,OAAO,EAAE;gBACPC,QAAQ,EAAE,MAAM;gBAChBC,KAAK,EAAE,iBAAiB;gBACxBC,QAAQ,EAAE;cACZ;YACF;UACF,CAAC;UACDC,QAAQ,EAAE;QACZ,CAAC;QACDC,SAAS,EAAE;UACT,GAAG,EAAE;YACHlB,WAAW,EAAE;UACf,CAAC;UACD,GAAG,EAAE;YACHA,WAAW,EAAE;UACf,CAAC;UACD,GAAG,EAAE;YACHA,WAAW,EAAE;UACf;QACF;MACF;IACF,CAAC;IACD,kBAAkB,EAAE;MAClBmB,MAAM,EAAE;QACNf,IAAI,EAAE,CAAC,OAAO,CAAC;QACfJ,WAAW,EAAE,qBAAqB;QAClCQ,UAAU,EAAE,CACV;UACEY,EAAE,EAAE,MAAM;UACVf,IAAI,EAAE,IAAI;UACVY,QAAQ,EAAE;QACZ,CAAC,CACF;QACDR,WAAW,EAAE;UACXC,OAAO,EAAE;YACP,kBAAkB,EAAE;cAClBC,MAAM,EAAE;gBACNC,IAAI,EAAE;cACR;YACF;UACF,CAAC;UACDK,QAAQ,EAAE;QACZ,CAAC;QACDC,SAAS,EAAE;UACT,GAAG,EAAE;YACHlB,WAAW,EAAE;UACf,CAAC;UACD,GAAG,EAAE;YACHA,WAAW,EAAE;UACf,CAAC;UACD,GAAG,EAAE;YACHA,WAAW,EAAE;UACf,CAAC;UACD,GAAG,EAAE;YACHA,WAAW,EAAE;UACf;QACF;MACF;IACF,CAAC;IACD,QAAQ,EAAE;MACRO,IAAI,EAAE;QACJH,IAAI,EAAE,CAAC,OAAO,CAAC;QACfJ,WAAW,EAAE,YAAY;QACzBE,QAAQ,EAAE,EAAE;QACZM,UAAU,EAAE,EAAE;QACdC,WAAW,EAAE;UACXC,OAAO,EAAE;YACP,kBAAkB,EAAE;cAClBC,MAAM,EAAE;gBACNC,IAAI,EAAE;cACR,CAAC;cACDC,OAAO,EAAE;gBACPE,KAAK,EAAE,iBAAiB;gBACxBC,QAAQ,EAAE;cACZ;YACF;UACF,CAAC;UACDC,QAAQ,EAAE;QACZ,CAAC;QACDC,SAAS,EAAE;UACT,GAAG,EAAE;YACHlB,WAAW,EAAE;UACf,CAAC;UACD,GAAG,EAAE;YACHA,WAAW,EAAE;UACf,CAAC;UACD,GAAG,EAAE;YACHA,WAAW,EAAE;UACf;QACF;MACF;IACF,CAAC;IACD,eAAe,EAAE;MACfqB,GAAG,EAAE;QACHjB,IAAI,EAAE,CAAC,OAAO,CAAC;QACfJ,WAAW,EAAE,mBAAmB;QAChCkB,SAAS,EAAE;UACT,GAAG,EAAE;YACHlB,WAAW,EAAE,IAAI;YACjBU,OAAO,EAAE;cACP,kBAAkB,EAAE;gBAClBC,MAAM,EAAE;kBACNW,IAAI,EAAE,QAAQ;kBACdT,OAAO,EAAE;oBACPU,KAAK,EAAE;kBACT;gBACF;cACF;YACF;UACF;QACF;MACF;IACF,CAAC;IACD,WAAW,EAAE;MACXF,GAAG,EAAE;QACHjB,IAAI,EAAE,CAAC,MAAM,CAAC;QACdJ,WAAW,EAAE,uBAAuB;QACpCQ,UAAU,EAAE,EAAE;QACdN,QAAQ,EAAE,EAAE;QACZgB,SAAS,EAAE;UACT,GAAG,EAAE;YACHlB,WAAW,EAAE;UACf,CAAC;UACD,GAAG,EAAE;YACHA,WAAW,EAAE;UACf;QACF;MACF;IACF,CAAC;IACD,mBAAmB,EAAE;MACnBqB,GAAG,EAAE;QACHnB,QAAQ,EAAE,EAAE;QACZE,IAAI,EAAE,CAAC,MAAM,CAAC;QACdJ,WAAW,EAAE,uBAAuB;QACpCQ,UAAU,EAAE,CACV;UACEY,EAAE,EAAE,MAAM;UACVf,IAAI,EAAE,IAAI;UACVY,QAAQ,EAAE;QACZ,CAAC,CACF;QACDC,SAAS,EAAE;UACT,GAAG,EAAE;YACHlB,WAAW,EAAE;UACf,CAAC;UACD,GAAG,EAAE;YACHA,WAAW,EAAE;UACf;QACF;MACF;IACF,CAAC;IACD,eAAe,EAAE;MACfO,IAAI,EAAE;QACJH,IAAI,EAAE,CAAC,MAAM,CAAC;QACdJ,WAAW,EAAE,iBAAiB;QAC9BQ,UAAU,EAAE,CACV;UACEY,EAAE,EAAE,UAAU;UACdf,IAAI,EAAE,OAAO;UACbL,WAAW,EAAE,eAAe;UAC5BiB,QAAQ,EAAE;QACZ,CAAC,EACD;UACEG,EAAE,EAAE,UAAU;UACdf,IAAI,EAAE,kBAAkB;UACxBL,WAAW,EAAE,iBAAiB;UAC9BiB,QAAQ,EAAE;QACZ,CAAC,EACD;UACEG,EAAE,EAAE,UAAU;UACdf,IAAI,EAAE,iBAAiB;UACvBL,WAAW,EAAE,iBAAiB;UAC9BiB,QAAQ,EAAE;QACZ,CAAC,EACD;UACEG,EAAE,EAAE,MAAM;UACVf,IAAI,EAAE,OAAO;UACbmB,MAAM,EAAE;YACNF,IAAI,EAAE,QAAQ;YACdtB,WAAW,EAAE,mBAAmB;YAChCyB,MAAM,EAAE;UACV,CAAC;UACDR,QAAQ,EAAE;QACZ,CAAC,CACF;QACDR,WAAW,EAAE;UACXC,OAAO,EAAE;YACP,qBAAqB,EAAE;cACrBC,MAAM,EAAE;gBACNC,IAAI,EAAE;cACR;YACF;UACF,CAAC;UACDK,QAAQ,EAAE;QACZ,CAAC;QACDC,SAAS,EAAE;UACT,GAAG,EAAE;YACHlB,WAAW,EAAE;UACf,CAAC;UACD,GAAG,EAAE;YACHA,WAAW,EAAE;UACf,CAAC;UACD,GAAG,EAAE;YACHA,WAAW,EAAE;UACf;QACF;MACF;IACF,CAAC;IACD,mBAAmB,EAAE;MACnB0B,GAAG,EAAE;QACHtB,IAAI,EAAE,CAAC,MAAM,CAAC;QACdJ,WAAW,EAAE,aAAa;QAC1BQ,UAAU,EAAE,CACV;UACEY,EAAE,EAAE,MAAM;UACVf,IAAI,EAAE,IAAI;UACVY,QAAQ,EAAE;QACZ,CAAC,CACF;QACDR,WAAW,EAAE;UACXC,OAAO,EAAE;YACP,kBAAkB,EAAE;cAClBC,MAAM,EAAE;gBACNC,IAAI,EAAE;cACR,CAAC;cACDC,OAAO,EAAE;gBACPf,KAAK,EAAE,mCAAmC;gBAC1C6B,gBAAgB,EAAE,qCAAqC;gBACvDC,eAAe,EACb;cACJ;YACF;UACF,CAAC;UACDX,QAAQ,EAAE;QACZ,CAAC;QACDC,SAAS,EAAE;UACT,GAAG,EAAE;YACHlB,WAAW,EAAE;UACf,CAAC;UACD,GAAG,EAAE;YACHA,WAAW,EAAE;UACf,CAAC;UACD,GAAG,EAAE;YACHA,WAAW,EAAE;UACf,CAAC;UACD,GAAG,EAAE;YACHA,WAAW,EAAE;UACf;QACF;MACF;IACF,CAAC;IACD,mBAAmB,EAAE;MACnBmB,MAAM,EAAE;QACNf,IAAI,EAAE,CAAC,MAAM,CAAC;QACdJ,WAAW,EAAE,qBAAqB;QAClCQ,UAAU,EAAE,CACV;UACEY,EAAE,EAAE,MAAM;UACVf,IAAI,EAAE,IAAI;UACVY,QAAQ,EAAE;QACZ,CAAC,CACF;QACDR,WAAW,EAAE;UACXC,OAAO,EAAE;YACP,kBAAkB,EAAE;cAClBC,MAAM,EAAE;gBACNC,IAAI,EAAE;cACR;YACF;UACF,CAAC;UACDK,QAAQ,EAAE;QACZ,CAAC;QACDC,SAAS,EAAE;UACT,GAAG,EAAE;YACHlB,WAAW,EAAE;UACf,CAAC;UACD,GAAG,EAAE;YACHA,WAAW,EAAE;UACf,CAAC;UACD,GAAG,EAAE;YACHA,WAAW,EAAE;UACf,CAAC;UACD,GAAG,EAAE;YACHA,WAAW,EAAE;UACf;QACF;MACF;IACF,CAAC;IACD,uBAAuB,EAAE;MACvBO,IAAI,EAAE;QACJH,IAAI,EAAE,CAAC,MAAM,CAAC;QACdJ,WAAW,EAAE,yBAAyB;QACtCQ,UAAU,EAAE,EAAE;QACdC,WAAW,EAAE;UACXC,OAAO,EAAE;YACP,kBAAkB,EAAE;cAClBC,MAAM,EAAE;gBACNC,IAAI,EAAE;cACR,CAAC;cACDC,OAAO,EAAE;gBACPgB,cAAc,EAAE;cAClB;YACF;UACF,CAAC;UACDZ,QAAQ,EAAE;QACZ,CAAC;QACDC,SAAS,EAAE;UACT,GAAG,EAAE;YACHlB,WAAW,EAAE;UACf,CAAC;UACD,GAAG,EAAE;YACHA,WAAW,EAAE;UACf,CAAC;UACD,GAAG,EAAE;YACHA,WAAW,EAAE;UACf,CAAC;UACD,GAAG,EAAE;YACHA,WAAW,EAAE;UACf;QACF;MACF;IACF,CAAC;IAED,qBAAqB,EAAE;MACrBO,IAAI,EAAE;QACJH,IAAI,EAAE,CAAC,SAAS,CAAC;QACjBF,QAAQ,EAAE,EAAE;QACZF,WAAW,EAAE,iBAAiB;QAC9BQ,UAAU,EAAE,EAAE;QACdC,WAAW,EAAE;UACXC,OAAO,EAAE;YACP,kBAAkB,EAAE;cAClBC,MAAM,EAAE;gBACNC,IAAI,EAAE;cACR,CAAC;cACDC,OAAO,EAAE;gBACPiB,SAAS,EAAE,MAAM;gBACjBC,UAAU,EAAE,YAAY;gBACxBC,WAAW,EAAE,gBAAgB;gBAC7BC,QAAQ,EAAE;cACZ;YACF;UACF,CAAC;UACDhB,QAAQ,EAAE;QACZ,CAAC;QACDC,SAAS,EAAE;UACT,GAAG,EAAE;YACHlB,WAAW,EAAE;UACf,CAAC;UACD,GAAG,EAAE;YACHA,WAAW,EAAE;UACf;QACF;MACF;IACF,CAAC;IACD,cAAc,EAAE;MACdqB,GAAG,EAAE;QACHjB,IAAI,EAAE,CAAC,SAAS,CAAC;QACjBJ,WAAW,EAAE,sBAAsB;QACnCQ,UAAU,EAAE,EAAE;QACdU,SAAS,EAAE;UACT,GAAG,EAAE;YACHlB,WAAW,EAAE;UACf,CAAC;UACD,GAAG,EAAE;YACHA,WAAW,EAAE;UACf,CAAC;UACD,GAAG,EAAE;YACHA,WAAW,EAAE;UACf;QACF;MACF;IACF,CAAC;IACD,sBAAsB,EAAE;MACtBqB,GAAG,EAAE;QACHnB,QAAQ,EAAE,EAAE;QACZE,IAAI,EAAE,CAAC,SAAS,CAAC;QACjBJ,WAAW,EAAE,0BAA0B;QACvCQ,UAAU,EAAE,CACV;UACEY,EAAE,EAAE,MAAM;UACVf,IAAI,EAAE,IAAI;UACVY,QAAQ,EAAE;QACZ,CAAC,CACF;QACDC,SAAS,EAAE;UACT,GAAG,EAAE;YACHlB,WAAW,EAAE;UACf,CAAC;UACD,GAAG,EAAE;YACHA,WAAW,EAAE;UACf;QACF;MACF;IACF,CAAC;IAED,6BAA6B,EAAE;MAC7BmB,MAAM,EAAE;QACNjB,QAAQ,EAAE,EAAE;QACZE,IAAI,EAAE,CAAC,SAAS,CAAC;QACjBJ,WAAW,EAAE,0BAA0B;QACvCQ,UAAU,EAAE,CACV;UACEY,EAAE,EAAE,MAAM;UACVf,IAAI,EAAE,IAAI;UACVY,QAAQ,EAAE;QACZ,CAAC,CACF;QACDC,SAAS,EAAE;UACT,GAAG,EAAE;YACHlB,WAAW,EAAE;UACf,CAAC;UACD,GAAG,EAAE;YACHA,WAAW,EAAE;UACf;QACF;MACF;IACF;EACF,CAAC;EACDkC,UAAU,EAAE;IACVC,OAAO,EAAE;MACPC,IAAI,EAAE;QACJd,IAAI,EAAE,QAAQ;QAEde,UAAU,EAAE;UACVC,EAAE,EAAE;YACFhB,IAAI,EAAE,QAAQ;YACdtB,WAAW,EAAE;UACf,CAAC;UACDc,QAAQ,EAAE;YACRQ,IAAI,EAAE,QAAQ;YACdtB,WAAW,EAAE;UACf,CAAC;UACDgB,QAAQ,EAAE;YACRM,IAAI,EAAE,QAAQ;YACdtB,WAAW,EAAE;UACf,CAAC;UACDe,KAAK,EAAE;YACLO,IAAI,EAAE,QAAQ;YACdtB,WAAW,EAAE;UACf,CAAC;UACDuC,IAAI,EAAE;YACJjB,IAAI,EAAE,QAAQ;YACdtB,WAAW,EAAE;UACf;QACF;MACF,CAAC;MACDwC,IAAI,EAAE;QACJlB,IAAI,EAAE,QAAQ;QAEde,UAAU,EAAE;UACVvC,KAAK,EAAE;YACLwB,IAAI,EAAE,QAAQ;YACdtB,WAAW,EAAE;UACf,CAAC;UACD2B,gBAAgB,EAAE;YAChBL,IAAI,EAAE,QAAQ;YACdtB,WAAW,EAAE;UACf,CAAC;UACD4B,eAAe,EAAE;YACfN,IAAI,EAAE,QAAQ;YACdtB,WAAW,EAAE;UACf,CAAC;UACDyC,KAAK,EAAE;YACLnB,IAAI,EAAE,QAAQ;YACdtB,WAAW,EAAE,mBAAmB;YAChCyB,MAAM,EAAE;UACV;QACF;MACF,CAAC;MACDiB,OAAO,EAAE;QACPpB,IAAI,EAAE,QAAQ;QAEde,UAAU,EAAE;UACVC,EAAE,EAAE;YACFhB,IAAI,EAAE,QAAQ;YACdtB,WAAW,EAAE;UACf,CAAC;UACD2C,UAAU,EAAE;YACVrB,IAAI,EAAE,QAAQ;YACdtB,WAAW,EAAE;UACf,CAAC;UACDgC,WAAW,EAAE;YACXV,IAAI,EAAE,QAAQ;YACdtB,WAAW,EAAE;UACf,CAAC;UACDiC,QAAQ,EAAE;YACRX,IAAI,EAAE,QAAQ;YACdtB,WAAW,EAAE;UACf;QACF;MACF;IACF,CAAC;IAED4C,eAAe,EAAE;MACfzC,UAAU,EAAE;QACVmB,IAAI,EAAE,MAAM;QACZE,MAAM,EAAE,QAAQ;QAChBqB,YAAY,EAAE;MAChB;IACF;EACF;AACF,CAAC;AAEDpD,SAAS,CAACqD,GAAG,CAAC,GAAG,EAAEC,uBAAK,EAAE,IAAAC,uBAAK,EAACrD,OAAO,CAAC,CAAC;;AAEzC"},"_coverageSchema":"1a1c01bbd47fc00a2c39e90264f33305004495a9","hash":"2e9155163a9b76fdb8157210e8dbdd0bbdc45aea","contentHash":"d9bc5c8736a1c05c2e81802850211d6c6ee80a7320cde140009d5554387de9ad"}}